2025-11-12 17:40:45,611 | core.logger | INFO | Логгер инициализирован. Лог-файл: bot_data\logs\bot_2025-11-12_17-40-45.log
2025-11-12 17:40:45,613 | core.logger | INFO | Инициализация сервисов...
2025-11-12 17:40:45,627 | core.logger | INFO | Бот запущен. Ожидание событий...
2025-11-12 17:40:45,736 | dispatcher | INFO | Бот: @t75_hakaton_bot first_name=Хакатон 75 id=74579177
2025-11-12 17:40:45,736 | dispatcher | INFO | 18 событий на обработку
2025-11-12 17:40:52,100 | dispatcher | ERROR | Ошибка при обработке события: router_id: 0 | UpdateType.MESSAGE_CREATED | chat_id: 29535084, user_id: 95639429 | MiddlewareException(middleware=function, router_id=0, process=UpdateType.MESSAGE_CREATED | chat_id: 29535084, user_id: 95639429, context_keys=['data', 'state'], cause=HandlerException: HandlerException(handler=show_stats, router_id=0, process=UpdateType.MESSAGE_CREATED | chat_id: 29535084, user_id: 95639429, context_keys=['data', 'state'], cause=TypeError: descriptor 'strftime' for 'datetime.date' objects doesn't apply to a 'str' object)) 
Traceback (most recent call last):
  File "C:\Users\YLVronsky\AppData\Local\Programs\Python\Python311\Lib\site-packages\maxapi\dispatcher.py", line 417, in _process_event
    await handler_chain(event_object, kwargs_filtered)
  File "C:\Users\YLVronsky\AppData\Local\Programs\Python\Python311\Lib\site-packages\maxapi\dispatcher.py", line 296, in call_handler
    await handler.func_event(event_object)
  File "c:\Users\YLVronsky\Documents\GitHub\SHALOM\handlers\stats.py", line 47, in show_stats
    f"• Последнее: {datetime.strftime(stats['last_study_date'], '%d/%m/%Y, %H:%M') or 'еще не было'}\n\n"
                    ^^^^^^^^^^^^^^^^^^^^^^^^^^^^^^^^^^^^^^^^^^^^^^^^^^^^^^^^^^^^^^
TypeError: descriptor 'strftime' for 'datetime.date' objects doesn't apply to a 'str' object

The above exception was the direct cause of the following exception:

Traceback (most recent call last):
  File "C:\Users\YLVronsky\AppData\Local\Programs\Python\Python311\Lib\site-packages\maxapi\dispatcher.py", line 439, in handle
    await global_chain(event_object, kwargs)
  File "C:\Users\YLVronsky\AppData\Local\Programs\Python\Python311\Lib\site-packages\maxapi\dispatcher.py", line 420, in _process_event
    raise HandlerException(
maxapi.exceptions.dispatcher.HandlerException: HandlerException(handler=show_stats, router_id=0, process=UpdateType.MESSAGE_CREATED | chat_id: 29535084, user_id: 95639429, context_keys=['data', 'state'], cause=TypeError: descriptor 'strftime' for 'datetime.date' objects doesn't apply to a 'str' object)

The above exception was the direct cause of the following exception:

Traceback (most recent call last):
  File "C:\Users\YLVronsky\AppData\Local\Programs\Python\Python311\Lib\site-packages\maxapi\dispatcher.py", line 449, in handle
    raise MiddlewareException(
maxapi.exceptions.dispatcher.MiddlewareException: MiddlewareException(middleware=function, router_id=0, process=UpdateType.MESSAGE_CREATED | chat_id: 29535084, user_id: 95639429, context_keys=['data', 'state'], cause=HandlerException: HandlerException(handler=show_stats, router_id=0, process=UpdateType.MESSAGE_CREATED | chat_id: 29535084, user_id: 95639429, context_keys=['data', 'state'], cause=TypeError: descriptor 'strftime' for 'datetime.date' objects doesn't apply to a 'str' object))
2025-11-12 17:41:52,087 | core.logger | INFO | Остановка бота...
2025-11-12 17:41:52,087 | core.logger | INFO | Викторины остановлены. Бот завершил работу.
2025-11-12 17:41:52,088 | core.logger | INFO | Бот остановлен пользователем
2025-11-12 17:41:52,099 | asyncio | ERROR | Unclosed client session
client_session: <aiohttp.client.ClientSession object at 0x00000000031A1F50>
