2025-11-11 17:31:02,398 | core.logger | INFO | Логгер инициализирован. Лог-файл: bot_data\logs\bot_2025-11-11_17-31-02.log
2025-11-11 17:31:02,399 | core.logger | INFO | Инициализация сервисов...
2025-11-11 17:31:02,403 | core.logger | INFO | Бот запущен. Ожидание событий...
2025-11-11 17:31:02,493 | dispatcher | INFO | Бот: @t75_hakaton_bot first_name=Хакатон 75 id=74579177
2025-11-11 17:31:02,495 | dispatcher | INFO | 18 событий на обработку
2025-11-11 17:31:06,478 | core.logger | INFO | Получена команда /start от user_id=95639429
2025-11-11 17:31:06,547 | dispatcher | INFO | Обработано: router_id: 0 | UpdateType.MESSAGE_CREATED | chat_id: 29535084, user_id: 95639429
2025-11-11 17:31:07,583 | core.logger | INFO | Получена команда /settings от user_id=95639429
2025-11-11 17:31:07,664 | dispatcher | INFO | Обработано: router_id: 0 | UpdateType.MESSAGE_CALLBACK | chat_id: 29535084, user_id: 95639429
2025-11-11 17:31:11,812 | dispatcher | INFO | Обработано: router_id: 0 | UpdateType.MESSAGE_CREATED | chat_id: 29535084, user_id: 95639429
2025-11-11 17:31:20,480 | dispatcher | ERROR | Ошибка при обработке события: router_id: 0 | UpdateType.MESSAGE_CALLBACK | chat_id: 29535084, user_id: 95639429 | MiddlewareException(middleware=function, router_id=0, process=UpdateType.MESSAGE_CALLBACK | chat_id: 29535084, user_id: 95639429, context_keys=['data', 'state'], cause=HandlerException: HandlerException(handler=handle_callback, router_id=0, process=UpdateType.MESSAGE_CALLBACK | chat_id: 29535084, user_id: 95639429, context_keys=['data', 'state'], cause=AttributeError: 'CommandHandlers' object has no attribute 'confirm_reset_settings')) 
Traceback (most recent call last):
  File "C:\Users\YLVronsky\AppData\Local\Programs\Python\Python311\Lib\site-packages\maxapi\dispatcher.py", line 417, in _process_event
    await handler_chain(event_object, kwargs_filtered)
  File "C:\Users\YLVronsky\AppData\Local\Programs\Python\Python311\Lib\site-packages\maxapi\dispatcher.py", line 296, in call_handler
    await handler.func_event(event_object)
  File "c:\Users\YLVronsky\Downloads\Test_arcitect\Test_arcitect\handlers\callbacks.py", line 36, in handle_callback
    await self.commands.confirm_reset_settings(fake_event)
          ^^^^^^^^^^^^^^^^^^^^^^^^^^^^^^^^^^^^
AttributeError: 'CommandHandlers' object has no attribute 'confirm_reset_settings'

The above exception was the direct cause of the following exception:

Traceback (most recent call last):
  File "C:\Users\YLVronsky\AppData\Local\Programs\Python\Python311\Lib\site-packages\maxapi\dispatcher.py", line 439, in handle
    await global_chain(event_object, kwargs)
  File "C:\Users\YLVronsky\AppData\Local\Programs\Python\Python311\Lib\site-packages\maxapi\dispatcher.py", line 420, in _process_event
    raise HandlerException(
maxapi.exceptions.dispatcher.HandlerException: HandlerException(handler=handle_callback, router_id=0, process=UpdateType.MESSAGE_CALLBACK | chat_id: 29535084, user_id: 95639429, context_keys=['data', 'state'], cause=AttributeError: 'CommandHandlers' object has no attribute 'confirm_reset_settings')

The above exception was the direct cause of the following exception:

Traceback (most recent call last):
  File "C:\Users\YLVronsky\AppData\Local\Programs\Python\Python311\Lib\site-packages\maxapi\dispatcher.py", line 449, in handle
    raise MiddlewareException(
maxapi.exceptions.dispatcher.MiddlewareException: MiddlewareException(middleware=function, router_id=0, process=UpdateType.MESSAGE_CALLBACK | chat_id: 29535084, user_id: 95639429, context_keys=['data', 'state'], cause=HandlerException: HandlerException(handler=handle_callback, router_id=0, process=UpdateType.MESSAGE_CALLBACK | chat_id: 29535084, user_id: 95639429, context_keys=['data', 'state'], cause=AttributeError: 'CommandHandlers' object has no attribute 'confirm_reset_settings'))
2025-11-11 17:31:40,622 | core.logger | INFO | Остановка бота...
2025-11-11 17:31:40,622 | core.logger | INFO | Викторины остановлены. Бот завершил работу.
2025-11-11 17:31:40,623 | core.logger | INFO | Бот остановлен пользователем
2025-11-11 17:31:40,636 | asyncio | ERROR | Unclosed client session
client_session: <aiohttp.client.ClientSession object at 0x0000000004EA1C50>
