2025-11-11 17:29:29,635 | core.logger | INFO | Логгер инициализирован. Лог-файл: bot_data\logs\bot_2025-11-11_17-29-29.log
2025-11-11 17:29:29,636 | core.logger | INFO | Инициализация сервисов...
2025-11-11 17:29:29,639 | core.logger | INFO | Бот запущен. Ожидание событий...
2025-11-11 17:29:29,722 | dispatcher | INFO | Бот: @t75_hakaton_bot first_name=Хакатон 75 id=74579177
2025-11-11 17:29:29,722 | dispatcher | INFO | 18 событий на обработку
2025-11-11 17:29:37,128 | core.logger | INFO | Получена команда /start от user_id=95639429
2025-11-11 17:29:37,211 | dispatcher | INFO | Обработано: router_id: 0 | UpdateType.MESSAGE_CREATED | chat_id: 29535084, user_id: 95639429
2025-11-11 17:29:38,777 | core.logger | INFO | Получена команда /stats от user_id=95639429
2025-11-11 17:29:38,846 | dispatcher | INFO | Обработано: router_id: 0 | UpdateType.MESSAGE_CALLBACK | chat_id: 29535084, user_id: 95639429
2025-11-11 17:29:44,333 | core.logger | INFO | Получена команда /settings от user_id=95639429
2025-11-11 17:29:44,397 | dispatcher | INFO | Обработано: router_id: 0 | UpdateType.MESSAGE_CALLBACK | chat_id: 29535084, user_id: 95639429
2025-11-11 17:30:13,585 | dispatcher | INFO | Обработано: router_id: 0 | UpdateType.MESSAGE_CREATED | chat_id: 29535084, user_id: 95639429
2025-11-11 17:30:22,743 | dispatcher | ERROR | Ошибка при обработке события: router_id: 0 | UpdateType.MESSAGE_CALLBACK | chat_id: 29535084, user_id: 95639429 | MiddlewareException(middleware=function, router_id=0, process=UpdateType.MESSAGE_CALLBACK | chat_id: 29535084, user_id: 95639429, context_keys=['data', 'state'], cause=HandlerException: HandlerException(handler=handle_callback, router_id=0, process=UpdateType.MESSAGE_CALLBACK | chat_id: 29535084, user_id: 95639429, context_keys=['data', 'state'], cause=AttributeError: 'CommandHandlers' object has no attribute 'confirm_reset_settings')) 
Traceback (most recent call last):
  File "C:\Users\YLVronsky\AppData\Local\Programs\Python\Python311\Lib\site-packages\maxapi\dispatcher.py", line 417, in _process_event
    await handler_chain(event_object, kwargs_filtered)
  File "C:\Users\YLVronsky\AppData\Local\Programs\Python\Python311\Lib\site-packages\maxapi\dispatcher.py", line 296, in call_handler
    await handler.func_event(event_object)
  File "c:\Users\YLVronsky\Downloads\Test_arcitect\Test_arcitect\handlers\callbacks.py", line 36, in handle_callback
    await self.commands.confirm_reset_settings(fake_event)
          ^^^^^^^^^^^^^^^^^^^^^^^^^^^^^^^^^^^^
AttributeError: 'CommandHandlers' object has no attribute 'confirm_reset_settings'

The above exception was the direct cause of the following exception:

Traceback (most recent call last):
  File "C:\Users\YLVronsky\AppData\Local\Programs\Python\Python311\Lib\site-packages\maxapi\dispatcher.py", line 439, in handle
    await global_chain(event_object, kwargs)
  File "C:\Users\YLVronsky\AppData\Local\Programs\Python\Python311\Lib\site-packages\maxapi\dispatcher.py", line 420, in _process_event
    raise HandlerException(
maxapi.exceptions.dispatcher.HandlerException: HandlerException(handler=handle_callback, router_id=0, process=UpdateType.MESSAGE_CALLBACK | chat_id: 29535084, user_id: 95639429, context_keys=['data', 'state'], cause=AttributeError: 'CommandHandlers' object has no attribute 'confirm_reset_settings')

The above exception was the direct cause of the following exception:

Traceback (most recent call last):
  File "C:\Users\YLVronsky\AppData\Local\Programs\Python\Python311\Lib\site-packages\maxapi\dispatcher.py", line 449, in handle
    raise MiddlewareException(
maxapi.exceptions.dispatcher.MiddlewareException: MiddlewareException(middleware=function, router_id=0, process=UpdateType.MESSAGE_CALLBACK | chat_id: 29535084, user_id: 95639429, context_keys=['data', 'state'], cause=HandlerException: HandlerException(handler=handle_callback, router_id=0, process=UpdateType.MESSAGE_CALLBACK | chat_id: 29535084, user_id: 95639429, context_keys=['data', 'state'], cause=AttributeError: 'CommandHandlers' object has no attribute 'confirm_reset_settings'))
2025-11-11 17:30:23,177 | dispatcher | ERROR | Ошибка при обработке события: router_id: 0 | UpdateType.MESSAGE_CALLBACK | chat_id: 29535084, user_id: 95639429 | MiddlewareException(middleware=function, router_id=0, process=UpdateType.MESSAGE_CALLBACK | chat_id: 29535084, user_id: 95639429, context_keys=['data', 'state'], cause=HandlerException: HandlerException(handler=handle_callback, router_id=0, process=UpdateType.MESSAGE_CALLBACK | chat_id: 29535084, user_id: 95639429, context_keys=['data', 'state'], cause=AttributeError: 'CommandHandlers' object has no attribute 'confirm_reset_settings')) 
Traceback (most recent call last):
  File "C:\Users\YLVronsky\AppData\Local\Programs\Python\Python311\Lib\site-packages\maxapi\dispatcher.py", line 417, in _process_event
    await handler_chain(event_object, kwargs_filtered)
  File "C:\Users\YLVronsky\AppData\Local\Programs\Python\Python311\Lib\site-packages\maxapi\dispatcher.py", line 296, in call_handler
    await handler.func_event(event_object)
  File "c:\Users\YLVronsky\Downloads\Test_arcitect\Test_arcitect\handlers\callbacks.py", line 36, in handle_callback
    await self.commands.confirm_reset_settings(fake_event)
          ^^^^^^^^^^^^^^^^^^^^^^^^^^^^^^^^^^^^
AttributeError: 'CommandHandlers' object has no attribute 'confirm_reset_settings'

The above exception was the direct cause of the following exception:

Traceback (most recent call last):
  File "C:\Users\YLVronsky\AppData\Local\Programs\Python\Python311\Lib\site-packages\maxapi\dispatcher.py", line 439, in handle
    await global_chain(event_object, kwargs)
  File "C:\Users\YLVronsky\AppData\Local\Programs\Python\Python311\Lib\site-packages\maxapi\dispatcher.py", line 420, in _process_event
    raise HandlerException(
maxapi.exceptions.dispatcher.HandlerException: HandlerException(handler=handle_callback, router_id=0, process=UpdateType.MESSAGE_CALLBACK | chat_id: 29535084, user_id: 95639429, context_keys=['data', 'state'], cause=AttributeError: 'CommandHandlers' object has no attribute 'confirm_reset_settings')

The above exception was the direct cause of the following exception:

Traceback (most recent call last):
  File "C:\Users\YLVronsky\AppData\Local\Programs\Python\Python311\Lib\site-packages\maxapi\dispatcher.py", line 449, in handle
    raise MiddlewareException(
maxapi.exceptions.dispatcher.MiddlewareException: MiddlewareException(middleware=function, router_id=0, process=UpdateType.MESSAGE_CALLBACK | chat_id: 29535084, user_id: 95639429, context_keys=['data', 'state'], cause=HandlerException: HandlerException(handler=handle_callback, router_id=0, process=UpdateType.MESSAGE_CALLBACK | chat_id: 29535084, user_id: 95639429, context_keys=['data', 'state'], cause=AttributeError: 'CommandHandlers' object has no attribute 'confirm_reset_settings'))
2025-11-11 17:30:23,977 | dispatcher | ERROR | Ошибка при обработке события: router_id: 0 | UpdateType.MESSAGE_CALLBACK | chat_id: 29535084, user_id: 95639429 | MiddlewareException(middleware=function, router_id=0, process=UpdateType.MESSAGE_CALLBACK | chat_id: 29535084, user_id: 95639429, context_keys=['data', 'state'], cause=HandlerException: HandlerException(handler=handle_callback, router_id=0, process=UpdateType.MESSAGE_CALLBACK | chat_id: 29535084, user_id: 95639429, context_keys=['data', 'state'], cause=AttributeError: 'CommandHandlers' object has no attribute 'confirm_reset_settings')) 
Traceback (most recent call last):
  File "C:\Users\YLVronsky\AppData\Local\Programs\Python\Python311\Lib\site-packages\maxapi\dispatcher.py", line 417, in _process_event
    await handler_chain(event_object, kwargs_filtered)
  File "C:\Users\YLVronsky\AppData\Local\Programs\Python\Python311\Lib\site-packages\maxapi\dispatcher.py", line 296, in call_handler
    await handler.func_event(event_object)
  File "c:\Users\YLVronsky\Downloads\Test_arcitect\Test_arcitect\handlers\callbacks.py", line 36, in handle_callback
    await self.commands.confirm_reset_settings(fake_event)
          ^^^^^^^^^^^^^^^^^^^^^^^^^^^^^^^^^^^^
AttributeError: 'CommandHandlers' object has no attribute 'confirm_reset_settings'

The above exception was the direct cause of the following exception:

Traceback (most recent call last):
  File "C:\Users\YLVronsky\AppData\Local\Programs\Python\Python311\Lib\site-packages\maxapi\dispatcher.py", line 439, in handle
    await global_chain(event_object, kwargs)
  File "C:\Users\YLVronsky\AppData\Local\Programs\Python\Python311\Lib\site-packages\maxapi\dispatcher.py", line 420, in _process_event
    raise HandlerException(
maxapi.exceptions.dispatcher.HandlerException: HandlerException(handler=handle_callback, router_id=0, process=UpdateType.MESSAGE_CALLBACK | chat_id: 29535084, user_id: 95639429, context_keys=['data', 'state'], cause=AttributeError: 'CommandHandlers' object has no attribute 'confirm_reset_settings')

The above exception was the direct cause of the following exception:

Traceback (most recent call last):
  File "C:\Users\YLVronsky\AppData\Local\Programs\Python\Python311\Lib\site-packages\maxapi\dispatcher.py", line 449, in handle
    raise MiddlewareException(
maxapi.exceptions.dispatcher.MiddlewareException: MiddlewareException(middleware=function, router_id=0, process=UpdateType.MESSAGE_CALLBACK | chat_id: 29535084, user_id: 95639429, context_keys=['data', 'state'], cause=HandlerException: HandlerException(handler=handle_callback, router_id=0, process=UpdateType.MESSAGE_CALLBACK | chat_id: 29535084, user_id: 95639429, context_keys=['data', 'state'], cause=AttributeError: 'CommandHandlers' object has no attribute 'confirm_reset_settings'))
2025-11-11 17:30:24,901 | dispatcher | ERROR | Ошибка при обработке события: router_id: 0 | UpdateType.MESSAGE_CALLBACK | chat_id: 29535084, user_id: 95639429 | MiddlewareException(middleware=function, router_id=0, process=UpdateType.MESSAGE_CALLBACK | chat_id: 29535084, user_id: 95639429, context_keys=['data', 'state'], cause=HandlerException: HandlerException(handler=handle_callback, router_id=0, process=UpdateType.MESSAGE_CALLBACK | chat_id: 29535084, user_id: 95639429, context_keys=['data', 'state'], cause=AttributeError: 'CommandHandlers' object has no attribute 'confirm_reset_settings')) 
Traceback (most recent call last):
  File "C:\Users\YLVronsky\AppData\Local\Programs\Python\Python311\Lib\site-packages\maxapi\dispatcher.py", line 417, in _process_event
    await handler_chain(event_object, kwargs_filtered)
  File "C:\Users\YLVronsky\AppData\Local\Programs\Python\Python311\Lib\site-packages\maxapi\dispatcher.py", line 296, in call_handler
    await handler.func_event(event_object)
  File "c:\Users\YLVronsky\Downloads\Test_arcitect\Test_arcitect\handlers\callbacks.py", line 36, in handle_callback
    await self.commands.confirm_reset_settings(fake_event)
          ^^^^^^^^^^^^^^^^^^^^^^^^^^^^^^^^^^^^
AttributeError: 'CommandHandlers' object has no attribute 'confirm_reset_settings'

The above exception was the direct cause of the following exception:

Traceback (most recent call last):
  File "C:\Users\YLVronsky\AppData\Local\Programs\Python\Python311\Lib\site-packages\maxapi\dispatcher.py", line 439, in handle
    await global_chain(event_object, kwargs)
  File "C:\Users\YLVronsky\AppData\Local\Programs\Python\Python311\Lib\site-packages\maxapi\dispatcher.py", line 420, in _process_event
    raise HandlerException(
maxapi.exceptions.dispatcher.HandlerException: HandlerException(handler=handle_callback, router_id=0, process=UpdateType.MESSAGE_CALLBACK | chat_id: 29535084, user_id: 95639429, context_keys=['data', 'state'], cause=AttributeError: 'CommandHandlers' object has no attribute 'confirm_reset_settings')

The above exception was the direct cause of the following exception:

Traceback (most recent call last):
  File "C:\Users\YLVronsky\AppData\Local\Programs\Python\Python311\Lib\site-packages\maxapi\dispatcher.py", line 449, in handle
    raise MiddlewareException(
maxapi.exceptions.dispatcher.MiddlewareException: MiddlewareException(middleware=function, router_id=0, process=UpdateType.MESSAGE_CALLBACK | chat_id: 29535084, user_id: 95639429, context_keys=['data', 'state'], cause=HandlerException: HandlerException(handler=handle_callback, router_id=0, process=UpdateType.MESSAGE_CALLBACK | chat_id: 29535084, user_id: 95639429, context_keys=['data', 'state'], cause=AttributeError: 'CommandHandlers' object has no attribute 'confirm_reset_settings'))
2025-11-11 17:30:25,153 | dispatcher | ERROR | Ошибка при обработке события: router_id: 0 | UpdateType.MESSAGE_CALLBACK | chat_id: 29535084, user_id: 95639429 | MiddlewareException(middleware=function, router_id=0, process=UpdateType.MESSAGE_CALLBACK | chat_id: 29535084, user_id: 95639429, context_keys=['data', 'state'], cause=HandlerException: HandlerException(handler=handle_callback, router_id=0, process=UpdateType.MESSAGE_CALLBACK | chat_id: 29535084, user_id: 95639429, context_keys=['data', 'state'], cause=AttributeError: 'CommandHandlers' object has no attribute 'confirm_reset_settings')) 
Traceback (most recent call last):
  File "C:\Users\YLVronsky\AppData\Local\Programs\Python\Python311\Lib\site-packages\maxapi\dispatcher.py", line 417, in _process_event
    await handler_chain(event_object, kwargs_filtered)
  File "C:\Users\YLVronsky\AppData\Local\Programs\Python\Python311\Lib\site-packages\maxapi\dispatcher.py", line 296, in call_handler
    await handler.func_event(event_object)
  File "c:\Users\YLVronsky\Downloads\Test_arcitect\Test_arcitect\handlers\callbacks.py", line 36, in handle_callback
    await self.commands.confirm_reset_settings(fake_event)
          ^^^^^^^^^^^^^^^^^^^^^^^^^^^^^^^^^^^^
AttributeError: 'CommandHandlers' object has no attribute 'confirm_reset_settings'

The above exception was the direct cause of the following exception:

Traceback (most recent call last):
  File "C:\Users\YLVronsky\AppData\Local\Programs\Python\Python311\Lib\site-packages\maxapi\dispatcher.py", line 439, in handle
    await global_chain(event_object, kwargs)
  File "C:\Users\YLVronsky\AppData\Local\Programs\Python\Python311\Lib\site-packages\maxapi\dispatcher.py", line 420, in _process_event
    raise HandlerException(
maxapi.exceptions.dispatcher.HandlerException: HandlerException(handler=handle_callback, router_id=0, process=UpdateType.MESSAGE_CALLBACK | chat_id: 29535084, user_id: 95639429, context_keys=['data', 'state'], cause=AttributeError: 'CommandHandlers' object has no attribute 'confirm_reset_settings')

The above exception was the direct cause of the following exception:

Traceback (most recent call last):
  File "C:\Users\YLVronsky\AppData\Local\Programs\Python\Python311\Lib\site-packages\maxapi\dispatcher.py", line 449, in handle
    raise MiddlewareException(
maxapi.exceptions.dispatcher.MiddlewareException: MiddlewareException(middleware=function, router_id=0, process=UpdateType.MESSAGE_CALLBACK | chat_id: 29535084, user_id: 95639429, context_keys=['data', 'state'], cause=HandlerException: HandlerException(handler=handle_callback, router_id=0, process=UpdateType.MESSAGE_CALLBACK | chat_id: 29535084, user_id: 95639429, context_keys=['data', 'state'], cause=AttributeError: 'CommandHandlers' object has no attribute 'confirm_reset_settings'))
2025-11-11 17:30:25,332 | dispatcher | ERROR | Ошибка при обработке события: router_id: 0 | UpdateType.MESSAGE_CALLBACK | chat_id: 29535084, user_id: 95639429 | MiddlewareException(middleware=function, router_id=0, process=UpdateType.MESSAGE_CALLBACK | chat_id: 29535084, user_id: 95639429, context_keys=['data', 'state'], cause=HandlerException: HandlerException(handler=handle_callback, router_id=0, process=UpdateType.MESSAGE_CALLBACK | chat_id: 29535084, user_id: 95639429, context_keys=['data', 'state'], cause=AttributeError: 'CommandHandlers' object has no attribute 'confirm_reset_settings')) 
Traceback (most recent call last):
  File "C:\Users\YLVronsky\AppData\Local\Programs\Python\Python311\Lib\site-packages\maxapi\dispatcher.py", line 417, in _process_event
    await handler_chain(event_object, kwargs_filtered)
  File "C:\Users\YLVronsky\AppData\Local\Programs\Python\Python311\Lib\site-packages\maxapi\dispatcher.py", line 296, in call_handler
    await handler.func_event(event_object)
  File "c:\Users\YLVronsky\Downloads\Test_arcitect\Test_arcitect\handlers\callbacks.py", line 36, in handle_callback
    await self.commands.confirm_reset_settings(fake_event)
          ^^^^^^^^^^^^^^^^^^^^^^^^^^^^^^^^^^^^
AttributeError: 'CommandHandlers' object has no attribute 'confirm_reset_settings'

The above exception was the direct cause of the following exception:

Traceback (most recent call last):
  File "C:\Users\YLVronsky\AppData\Local\Programs\Python\Python311\Lib\site-packages\maxapi\dispatcher.py", line 439, in handle
    await global_chain(event_object, kwargs)
  File "C:\Users\YLVronsky\AppData\Local\Programs\Python\Python311\Lib\site-packages\maxapi\dispatcher.py", line 420, in _process_event
    raise HandlerException(
maxapi.exceptions.dispatcher.HandlerException: HandlerException(handler=handle_callback, router_id=0, process=UpdateType.MESSAGE_CALLBACK | chat_id: 29535084, user_id: 95639429, context_keys=['data', 'state'], cause=AttributeError: 'CommandHandlers' object has no attribute 'confirm_reset_settings')

The above exception was the direct cause of the following exception:

Traceback (most recent call last):
  File "C:\Users\YLVronsky\AppData\Local\Programs\Python\Python311\Lib\site-packages\maxapi\dispatcher.py", line 449, in handle
    raise MiddlewareException(
maxapi.exceptions.dispatcher.MiddlewareException: MiddlewareException(middleware=function, router_id=0, process=UpdateType.MESSAGE_CALLBACK | chat_id: 29535084, user_id: 95639429, context_keys=['data', 'state'], cause=HandlerException: HandlerException(handler=handle_callback, router_id=0, process=UpdateType.MESSAGE_CALLBACK | chat_id: 29535084, user_id: 95639429, context_keys=['data', 'state'], cause=AttributeError: 'CommandHandlers' object has no attribute 'confirm_reset_settings'))
2025-11-11 17:30:25,408 | dispatcher | ERROR | Ошибка при обработке события: router_id: 0 | UpdateType.MESSAGE_CALLBACK | chat_id: 29535084, user_id: 95639429 | MiddlewareException(middleware=function, router_id=0, process=UpdateType.MESSAGE_CALLBACK | chat_id: 29535084, user_id: 95639429, context_keys=['data', 'state'], cause=HandlerException: HandlerException(handler=handle_callback, router_id=0, process=UpdateType.MESSAGE_CALLBACK | chat_id: 29535084, user_id: 95639429, context_keys=['data', 'state'], cause=AttributeError: 'CommandHandlers' object has no attribute 'confirm_reset_settings')) 
Traceback (most recent call last):
  File "C:\Users\YLVronsky\AppData\Local\Programs\Python\Python311\Lib\site-packages\maxapi\dispatcher.py", line 417, in _process_event
    await handler_chain(event_object, kwargs_filtered)
  File "C:\Users\YLVronsky\AppData\Local\Programs\Python\Python311\Lib\site-packages\maxapi\dispatcher.py", line 296, in call_handler
    await handler.func_event(event_object)
  File "c:\Users\YLVronsky\Downloads\Test_arcitect\Test_arcitect\handlers\callbacks.py", line 36, in handle_callback
    await self.commands.confirm_reset_settings(fake_event)
          ^^^^^^^^^^^^^^^^^^^^^^^^^^^^^^^^^^^^
AttributeError: 'CommandHandlers' object has no attribute 'confirm_reset_settings'

The above exception was the direct cause of the following exception:

Traceback (most recent call last):
  File "C:\Users\YLVronsky\AppData\Local\Programs\Python\Python311\Lib\site-packages\maxapi\dispatcher.py", line 439, in handle
    await global_chain(event_object, kwargs)
  File "C:\Users\YLVronsky\AppData\Local\Programs\Python\Python311\Lib\site-packages\maxapi\dispatcher.py", line 420, in _process_event
    raise HandlerException(
maxapi.exceptions.dispatcher.HandlerException: HandlerException(handler=handle_callback, router_id=0, process=UpdateType.MESSAGE_CALLBACK | chat_id: 29535084, user_id: 95639429, context_keys=['data', 'state'], cause=AttributeError: 'CommandHandlers' object has no attribute 'confirm_reset_settings')

The above exception was the direct cause of the following exception:

Traceback (most recent call last):
  File "C:\Users\YLVronsky\AppData\Local\Programs\Python\Python311\Lib\site-packages\maxapi\dispatcher.py", line 449, in handle
    raise MiddlewareException(
maxapi.exceptions.dispatcher.MiddlewareException: MiddlewareException(middleware=function, router_id=0, process=UpdateType.MESSAGE_CALLBACK | chat_id: 29535084, user_id: 95639429, context_keys=['data', 'state'], cause=HandlerException: HandlerException(handler=handle_callback, router_id=0, process=UpdateType.MESSAGE_CALLBACK | chat_id: 29535084, user_id: 95639429, context_keys=['data', 'state'], cause=AttributeError: 'CommandHandlers' object has no attribute 'confirm_reset_settings'))
2025-11-11 17:30:25,480 | dispatcher | ERROR | Ошибка при обработке события: router_id: 0 | UpdateType.MESSAGE_CALLBACK | chat_id: 29535084, user_id: 95639429 | MiddlewareException(middleware=function, router_id=0, process=UpdateType.MESSAGE_CALLBACK | chat_id: 29535084, user_id: 95639429, context_keys=['data', 'state'], cause=HandlerException: HandlerException(handler=handle_callback, router_id=0, process=UpdateType.MESSAGE_CALLBACK | chat_id: 29535084, user_id: 95639429, context_keys=['data', 'state'], cause=AttributeError: 'CommandHandlers' object has no attribute 'confirm_reset_settings')) 
Traceback (most recent call last):
  File "C:\Users\YLVronsky\AppData\Local\Programs\Python\Python311\Lib\site-packages\maxapi\dispatcher.py", line 417, in _process_event
    await handler_chain(event_object, kwargs_filtered)
  File "C:\Users\YLVronsky\AppData\Local\Programs\Python\Python311\Lib\site-packages\maxapi\dispatcher.py", line 296, in call_handler
    await handler.func_event(event_object)
  File "c:\Users\YLVronsky\Downloads\Test_arcitect\Test_arcitect\handlers\callbacks.py", line 36, in handle_callback
    await self.commands.confirm_reset_settings(fake_event)
          ^^^^^^^^^^^^^^^^^^^^^^^^^^^^^^^^^^^^
AttributeError: 'CommandHandlers' object has no attribute 'confirm_reset_settings'

The above exception was the direct cause of the following exception:

Traceback (most recent call last):
  File "C:\Users\YLVronsky\AppData\Local\Programs\Python\Python311\Lib\site-packages\maxapi\dispatcher.py", line 439, in handle
    await global_chain(event_object, kwargs)
  File "C:\Users\YLVronsky\AppData\Local\Programs\Python\Python311\Lib\site-packages\maxapi\dispatcher.py", line 420, in _process_event
    raise HandlerException(
maxapi.exceptions.dispatcher.HandlerException: HandlerException(handler=handle_callback, router_id=0, process=UpdateType.MESSAGE_CALLBACK | chat_id: 29535084, user_id: 95639429, context_keys=['data', 'state'], cause=AttributeError: 'CommandHandlers' object has no attribute 'confirm_reset_settings')

The above exception was the direct cause of the following exception:

Traceback (most recent call last):
  File "C:\Users\YLVronsky\AppData\Local\Programs\Python\Python311\Lib\site-packages\maxapi\dispatcher.py", line 449, in handle
    raise MiddlewareException(
maxapi.exceptions.dispatcher.MiddlewareException: MiddlewareException(middleware=function, router_id=0, process=UpdateType.MESSAGE_CALLBACK | chat_id: 29535084, user_id: 95639429, context_keys=['data', 'state'], cause=HandlerException: HandlerException(handler=handle_callback, router_id=0, process=UpdateType.MESSAGE_CALLBACK | chat_id: 29535084, user_id: 95639429, context_keys=['data', 'state'], cause=AttributeError: 'CommandHandlers' object has no attribute 'confirm_reset_settings'))
2025-11-11 17:30:25,636 | dispatcher | ERROR | Ошибка при обработке события: router_id: 0 | UpdateType.MESSAGE_CALLBACK | chat_id: 29535084, user_id: 95639429 | MiddlewareException(middleware=function, router_id=0, process=UpdateType.MESSAGE_CALLBACK | chat_id: 29535084, user_id: 95639429, context_keys=['data', 'state'], cause=HandlerException: HandlerException(handler=handle_callback, router_id=0, process=UpdateType.MESSAGE_CALLBACK | chat_id: 29535084, user_id: 95639429, context_keys=['data', 'state'], cause=AttributeError: 'CommandHandlers' object has no attribute 'confirm_reset_settings')) 
Traceback (most recent call last):
  File "C:\Users\YLVronsky\AppData\Local\Programs\Python\Python311\Lib\site-packages\maxapi\dispatcher.py", line 417, in _process_event
    await handler_chain(event_object, kwargs_filtered)
  File "C:\Users\YLVronsky\AppData\Local\Programs\Python\Python311\Lib\site-packages\maxapi\dispatcher.py", line 296, in call_handler
    await handler.func_event(event_object)
  File "c:\Users\YLVronsky\Downloads\Test_arcitect\Test_arcitect\handlers\callbacks.py", line 36, in handle_callback
    await self.commands.confirm_reset_settings(fake_event)
          ^^^^^^^^^^^^^^^^^^^^^^^^^^^^^^^^^^^^
AttributeError: 'CommandHandlers' object has no attribute 'confirm_reset_settings'

The above exception was the direct cause of the following exception:

Traceback (most recent call last):
  File "C:\Users\YLVronsky\AppData\Local\Programs\Python\Python311\Lib\site-packages\maxapi\dispatcher.py", line 439, in handle
    await global_chain(event_object, kwargs)
  File "C:\Users\YLVronsky\AppData\Local\Programs\Python\Python311\Lib\site-packages\maxapi\dispatcher.py", line 420, in _process_event
    raise HandlerException(
maxapi.exceptions.dispatcher.HandlerException: HandlerException(handler=handle_callback, router_id=0, process=UpdateType.MESSAGE_CALLBACK | chat_id: 29535084, user_id: 95639429, context_keys=['data', 'state'], cause=AttributeError: 'CommandHandlers' object has no attribute 'confirm_reset_settings')

The above exception was the direct cause of the following exception:

Traceback (most recent call last):
  File "C:\Users\YLVronsky\AppData\Local\Programs\Python\Python311\Lib\site-packages\maxapi\dispatcher.py", line 449, in handle
    raise MiddlewareException(
maxapi.exceptions.dispatcher.MiddlewareException: MiddlewareException(middleware=function, router_id=0, process=UpdateType.MESSAGE_CALLBACK | chat_id: 29535084, user_id: 95639429, context_keys=['data', 'state'], cause=HandlerException: HandlerException(handler=handle_callback, router_id=0, process=UpdateType.MESSAGE_CALLBACK | chat_id: 29535084, user_id: 95639429, context_keys=['data', 'state'], cause=AttributeError: 'CommandHandlers' object has no attribute 'confirm_reset_settings'))
2025-11-11 17:30:25,794 | dispatcher | ERROR | Ошибка при обработке события: router_id: 0 | UpdateType.MESSAGE_CALLBACK | chat_id: 29535084, user_id: 95639429 | MiddlewareException(middleware=function, router_id=0, process=UpdateType.MESSAGE_CALLBACK | chat_id: 29535084, user_id: 95639429, context_keys=['data', 'state'], cause=HandlerException: HandlerException(handler=handle_callback, router_id=0, process=UpdateType.MESSAGE_CALLBACK | chat_id: 29535084, user_id: 95639429, context_keys=['data', 'state'], cause=AttributeError: 'CommandHandlers' object has no attribute 'confirm_reset_settings')) 
Traceback (most recent call last):
  File "C:\Users\YLVronsky\AppData\Local\Programs\Python\Python311\Lib\site-packages\maxapi\dispatcher.py", line 417, in _process_event
    await handler_chain(event_object, kwargs_filtered)
  File "C:\Users\YLVronsky\AppData\Local\Programs\Python\Python311\Lib\site-packages\maxapi\dispatcher.py", line 296, in call_handler
    await handler.func_event(event_object)
  File "c:\Users\YLVronsky\Downloads\Test_arcitect\Test_arcitect\handlers\callbacks.py", line 36, in handle_callback
    await self.commands.confirm_reset_settings(fake_event)
          ^^^^^^^^^^^^^^^^^^^^^^^^^^^^^^^^^^^^
AttributeError: 'CommandHandlers' object has no attribute 'confirm_reset_settings'

The above exception was the direct cause of the following exception:

Traceback (most recent call last):
  File "C:\Users\YLVronsky\AppData\Local\Programs\Python\Python311\Lib\site-packages\maxapi\dispatcher.py", line 439, in handle
    await global_chain(event_object, kwargs)
  File "C:\Users\YLVronsky\AppData\Local\Programs\Python\Python311\Lib\site-packages\maxapi\dispatcher.py", line 420, in _process_event
    raise HandlerException(
maxapi.exceptions.dispatcher.HandlerException: HandlerException(handler=handle_callback, router_id=0, process=UpdateType.MESSAGE_CALLBACK | chat_id: 29535084, user_id: 95639429, context_keys=['data', 'state'], cause=AttributeError: 'CommandHandlers' object has no attribute 'confirm_reset_settings')

The above exception was the direct cause of the following exception:

Traceback (most recent call last):
  File "C:\Users\YLVronsky\AppData\Local\Programs\Python\Python311\Lib\site-packages\maxapi\dispatcher.py", line 449, in handle
    raise MiddlewareException(
maxapi.exceptions.dispatcher.MiddlewareException: MiddlewareException(middleware=function, router_id=0, process=UpdateType.MESSAGE_CALLBACK | chat_id: 29535084, user_id: 95639429, context_keys=['data', 'state'], cause=HandlerException: HandlerException(handler=handle_callback, router_id=0, process=UpdateType.MESSAGE_CALLBACK | chat_id: 29535084, user_id: 95639429, context_keys=['data', 'state'], cause=AttributeError: 'CommandHandlers' object has no attribute 'confirm_reset_settings'))
2025-11-11 17:30:26,011 | dispatcher | ERROR | Ошибка при обработке события: router_id: 0 | UpdateType.MESSAGE_CALLBACK | chat_id: 29535084, user_id: 95639429 | MiddlewareException(middleware=function, router_id=0, process=UpdateType.MESSAGE_CALLBACK | chat_id: 29535084, user_id: 95639429, context_keys=['data', 'state'], cause=HandlerException: HandlerException(handler=handle_callback, router_id=0, process=UpdateType.MESSAGE_CALLBACK | chat_id: 29535084, user_id: 95639429, context_keys=['data', 'state'], cause=AttributeError: 'CommandHandlers' object has no attribute 'confirm_reset_settings')) 
Traceback (most recent call last):
  File "C:\Users\YLVronsky\AppData\Local\Programs\Python\Python311\Lib\site-packages\maxapi\dispatcher.py", line 417, in _process_event
    await handler_chain(event_object, kwargs_filtered)
  File "C:\Users\YLVronsky\AppData\Local\Programs\Python\Python311\Lib\site-packages\maxapi\dispatcher.py", line 296, in call_handler
    await handler.func_event(event_object)
  File "c:\Users\YLVronsky\Downloads\Test_arcitect\Test_arcitect\handlers\callbacks.py", line 36, in handle_callback
    await self.commands.confirm_reset_settings(fake_event)
          ^^^^^^^^^^^^^^^^^^^^^^^^^^^^^^^^^^^^
AttributeError: 'CommandHandlers' object has no attribute 'confirm_reset_settings'

The above exception was the direct cause of the following exception:

Traceback (most recent call last):
  File "C:\Users\YLVronsky\AppData\Local\Programs\Python\Python311\Lib\site-packages\maxapi\dispatcher.py", line 439, in handle
    await global_chain(event_object, kwargs)
  File "C:\Users\YLVronsky\AppData\Local\Programs\Python\Python311\Lib\site-packages\maxapi\dispatcher.py", line 420, in _process_event
    raise HandlerException(
maxapi.exceptions.dispatcher.HandlerException: HandlerException(handler=handle_callback, router_id=0, process=UpdateType.MESSAGE_CALLBACK | chat_id: 29535084, user_id: 95639429, context_keys=['data', 'state'], cause=AttributeError: 'CommandHandlers' object has no attribute 'confirm_reset_settings')

The above exception was the direct cause of the following exception:

Traceback (most recent call last):
  File "C:\Users\YLVronsky\AppData\Local\Programs\Python\Python311\Lib\site-packages\maxapi\dispatcher.py", line 449, in handle
    raise MiddlewareException(
maxapi.exceptions.dispatcher.MiddlewareException: MiddlewareException(middleware=function, router_id=0, process=UpdateType.MESSAGE_CALLBACK | chat_id: 29535084, user_id: 95639429, context_keys=['data', 'state'], cause=HandlerException: HandlerException(handler=handle_callback, router_id=0, process=UpdateType.MESSAGE_CALLBACK | chat_id: 29535084, user_id: 95639429, context_keys=['data', 'state'], cause=AttributeError: 'CommandHandlers' object has no attribute 'confirm_reset_settings'))
2025-11-11 17:30:26,153 | dispatcher | ERROR | Ошибка при обработке события: router_id: 0 | UpdateType.MESSAGE_CALLBACK | chat_id: 29535084, user_id: 95639429 | MiddlewareException(middleware=function, router_id=0, process=UpdateType.MESSAGE_CALLBACK | chat_id: 29535084, user_id: 95639429, context_keys=['data', 'state'], cause=HandlerException: HandlerException(handler=handle_callback, router_id=0, process=UpdateType.MESSAGE_CALLBACK | chat_id: 29535084, user_id: 95639429, context_keys=['data', 'state'], cause=AttributeError: 'CommandHandlers' object has no attribute 'confirm_reset_settings')) 
Traceback (most recent call last):
  File "C:\Users\YLVronsky\AppData\Local\Programs\Python\Python311\Lib\site-packages\maxapi\dispatcher.py", line 417, in _process_event
    await handler_chain(event_object, kwargs_filtered)
  File "C:\Users\YLVronsky\AppData\Local\Programs\Python\Python311\Lib\site-packages\maxapi\dispatcher.py", line 296, in call_handler
    await handler.func_event(event_object)
  File "c:\Users\YLVronsky\Downloads\Test_arcitect\Test_arcitect\handlers\callbacks.py", line 36, in handle_callback
    await self.commands.confirm_reset_settings(fake_event)
          ^^^^^^^^^^^^^^^^^^^^^^^^^^^^^^^^^^^^
AttributeError: 'CommandHandlers' object has no attribute 'confirm_reset_settings'

The above exception was the direct cause of the following exception:

Traceback (most recent call last):
  File "C:\Users\YLVronsky\AppData\Local\Programs\Python\Python311\Lib\site-packages\maxapi\dispatcher.py", line 439, in handle
    await global_chain(event_object, kwargs)
  File "C:\Users\YLVronsky\AppData\Local\Programs\Python\Python311\Lib\site-packages\maxapi\dispatcher.py", line 420, in _process_event
    raise HandlerException(
maxapi.exceptions.dispatcher.HandlerException: HandlerException(handler=handle_callback, router_id=0, process=UpdateType.MESSAGE_CALLBACK | chat_id: 29535084, user_id: 95639429, context_keys=['data', 'state'], cause=AttributeError: 'CommandHandlers' object has no attribute 'confirm_reset_settings')

The above exception was the direct cause of the following exception:

Traceback (most recent call last):
  File "C:\Users\YLVronsky\AppData\Local\Programs\Python\Python311\Lib\site-packages\maxapi\dispatcher.py", line 449, in handle
    raise MiddlewareException(
maxapi.exceptions.dispatcher.MiddlewareException: MiddlewareException(middleware=function, router_id=0, process=UpdateType.MESSAGE_CALLBACK | chat_id: 29535084, user_id: 95639429, context_keys=['data', 'state'], cause=HandlerException: HandlerException(handler=handle_callback, router_id=0, process=UpdateType.MESSAGE_CALLBACK | chat_id: 29535084, user_id: 95639429, context_keys=['data', 'state'], cause=AttributeError: 'CommandHandlers' object has no attribute 'confirm_reset_settings'))
2025-11-11 17:30:26,325 | dispatcher | ERROR | Ошибка при обработке события: router_id: 0 | UpdateType.MESSAGE_CALLBACK | chat_id: 29535084, user_id: 95639429 | MiddlewareException(middleware=function, router_id=0, process=UpdateType.MESSAGE_CALLBACK | chat_id: 29535084, user_id: 95639429, context_keys=['data', 'state'], cause=HandlerException: HandlerException(handler=handle_callback, router_id=0, process=UpdateType.MESSAGE_CALLBACK | chat_id: 29535084, user_id: 95639429, context_keys=['data', 'state'], cause=AttributeError: 'CommandHandlers' object has no attribute 'confirm_reset_settings')) 
Traceback (most recent call last):
  File "C:\Users\YLVronsky\AppData\Local\Programs\Python\Python311\Lib\site-packages\maxapi\dispatcher.py", line 417, in _process_event
    await handler_chain(event_object, kwargs_filtered)
  File "C:\Users\YLVronsky\AppData\Local\Programs\Python\Python311\Lib\site-packages\maxapi\dispatcher.py", line 296, in call_handler
    await handler.func_event(event_object)
  File "c:\Users\YLVronsky\Downloads\Test_arcitect\Test_arcitect\handlers\callbacks.py", line 36, in handle_callback
    await self.commands.confirm_reset_settings(fake_event)
          ^^^^^^^^^^^^^^^^^^^^^^^^^^^^^^^^^^^^
AttributeError: 'CommandHandlers' object has no attribute 'confirm_reset_settings'

The above exception was the direct cause of the following exception:

Traceback (most recent call last):
  File "C:\Users\YLVronsky\AppData\Local\Programs\Python\Python311\Lib\site-packages\maxapi\dispatcher.py", line 439, in handle
    await global_chain(event_object, kwargs)
  File "C:\Users\YLVronsky\AppData\Local\Programs\Python\Python311\Lib\site-packages\maxapi\dispatcher.py", line 420, in _process_event
    raise HandlerException(
maxapi.exceptions.dispatcher.HandlerException: HandlerException(handler=handle_callback, router_id=0, process=UpdateType.MESSAGE_CALLBACK | chat_id: 29535084, user_id: 95639429, context_keys=['data', 'state'], cause=AttributeError: 'CommandHandlers' object has no attribute 'confirm_reset_settings')

The above exception was the direct cause of the following exception:

Traceback (most recent call last):
  File "C:\Users\YLVronsky\AppData\Local\Programs\Python\Python311\Lib\site-packages\maxapi\dispatcher.py", line 449, in handle
    raise MiddlewareException(
maxapi.exceptions.dispatcher.MiddlewareException: MiddlewareException(middleware=function, router_id=0, process=UpdateType.MESSAGE_CALLBACK | chat_id: 29535084, user_id: 95639429, context_keys=['data', 'state'], cause=HandlerException: HandlerException(handler=handle_callback, router_id=0, process=UpdateType.MESSAGE_CALLBACK | chat_id: 29535084, user_id: 95639429, context_keys=['data', 'state'], cause=AttributeError: 'CommandHandlers' object has no attribute 'confirm_reset_settings'))
2025-11-11 17:30:26,524 | dispatcher | ERROR | Ошибка при обработке события: router_id: 0 | UpdateType.MESSAGE_CALLBACK | chat_id: 29535084, user_id: 95639429 | MiddlewareException(middleware=function, router_id=0, process=UpdateType.MESSAGE_CALLBACK | chat_id: 29535084, user_id: 95639429, context_keys=['data', 'state'], cause=HandlerException: HandlerException(handler=handle_callback, router_id=0, process=UpdateType.MESSAGE_CALLBACK | chat_id: 29535084, user_id: 95639429, context_keys=['data', 'state'], cause=AttributeError: 'CommandHandlers' object has no attribute 'confirm_reset_settings')) 
Traceback (most recent call last):
  File "C:\Users\YLVronsky\AppData\Local\Programs\Python\Python311\Lib\site-packages\maxapi\dispatcher.py", line 417, in _process_event
    await handler_chain(event_object, kwargs_filtered)
  File "C:\Users\YLVronsky\AppData\Local\Programs\Python\Python311\Lib\site-packages\maxapi\dispatcher.py", line 296, in call_handler
    await handler.func_event(event_object)
  File "c:\Users\YLVronsky\Downloads\Test_arcitect\Test_arcitect\handlers\callbacks.py", line 36, in handle_callback
    await self.commands.confirm_reset_settings(fake_event)
          ^^^^^^^^^^^^^^^^^^^^^^^^^^^^^^^^^^^^
AttributeError: 'CommandHandlers' object has no attribute 'confirm_reset_settings'

The above exception was the direct cause of the following exception:

Traceback (most recent call last):
  File "C:\Users\YLVronsky\AppData\Local\Programs\Python\Python311\Lib\site-packages\maxapi\dispatcher.py", line 439, in handle
    await global_chain(event_object, kwargs)
  File "C:\Users\YLVronsky\AppData\Local\Programs\Python\Python311\Lib\site-packages\maxapi\dispatcher.py", line 420, in _process_event
    raise HandlerException(
maxapi.exceptions.dispatcher.HandlerException: HandlerException(handler=handle_callback, router_id=0, process=UpdateType.MESSAGE_CALLBACK | chat_id: 29535084, user_id: 95639429, context_keys=['data', 'state'], cause=AttributeError: 'CommandHandlers' object has no attribute 'confirm_reset_settings')

The above exception was the direct cause of the following exception:

Traceback (most recent call last):
  File "C:\Users\YLVronsky\AppData\Local\Programs\Python\Python311\Lib\site-packages\maxapi\dispatcher.py", line 449, in handle
    raise MiddlewareException(
maxapi.exceptions.dispatcher.MiddlewareException: MiddlewareException(middleware=function, router_id=0, process=UpdateType.MESSAGE_CALLBACK | chat_id: 29535084, user_id: 95639429, context_keys=['data', 'state'], cause=HandlerException: HandlerException(handler=handle_callback, router_id=0, process=UpdateType.MESSAGE_CALLBACK | chat_id: 29535084, user_id: 95639429, context_keys=['data', 'state'], cause=AttributeError: 'CommandHandlers' object has no attribute 'confirm_reset_settings'))
2025-11-11 17:30:27,824 | dispatcher | ERROR | Ошибка при обработке события: router_id: 0 | UpdateType.MESSAGE_CALLBACK | chat_id: 29535084, user_id: 95639429 | MiddlewareException(middleware=function, router_id=0, process=UpdateType.MESSAGE_CALLBACK | chat_id: 29535084, user_id: 95639429, context_keys=['data', 'state'], cause=HandlerException: HandlerException(handler=handle_callback, router_id=0, process=UpdateType.MESSAGE_CALLBACK | chat_id: 29535084, user_id: 95639429, context_keys=['data', 'state'], cause=AttributeError: 'CommandHandlers' object has no attribute 'confirm_reset_settings')) 
Traceback (most recent call last):
  File "C:\Users\YLVronsky\AppData\Local\Programs\Python\Python311\Lib\site-packages\maxapi\dispatcher.py", line 417, in _process_event
    await handler_chain(event_object, kwargs_filtered)
  File "C:\Users\YLVronsky\AppData\Local\Programs\Python\Python311\Lib\site-packages\maxapi\dispatcher.py", line 296, in call_handler
    await handler.func_event(event_object)
  File "c:\Users\YLVronsky\Downloads\Test_arcitect\Test_arcitect\handlers\callbacks.py", line 36, in handle_callback
    await self.commands.confirm_reset_settings(fake_event)
          ^^^^^^^^^^^^^^^^^^^^^^^^^^^^^^^^^^^^
AttributeError: 'CommandHandlers' object has no attribute 'confirm_reset_settings'

The above exception was the direct cause of the following exception:

Traceback (most recent call last):
  File "C:\Users\YLVronsky\AppData\Local\Programs\Python\Python311\Lib\site-packages\maxapi\dispatcher.py", line 439, in handle
    await global_chain(event_object, kwargs)
  File "C:\Users\YLVronsky\AppData\Local\Programs\Python\Python311\Lib\site-packages\maxapi\dispatcher.py", line 420, in _process_event
    raise HandlerException(
maxapi.exceptions.dispatcher.HandlerException: HandlerException(handler=handle_callback, router_id=0, process=UpdateType.MESSAGE_CALLBACK | chat_id: 29535084, user_id: 95639429, context_keys=['data', 'state'], cause=AttributeError: 'CommandHandlers' object has no attribute 'confirm_reset_settings')

The above exception was the direct cause of the following exception:

Traceback (most recent call last):
  File "C:\Users\YLVronsky\AppData\Local\Programs\Python\Python311\Lib\site-packages\maxapi\dispatcher.py", line 449, in handle
    raise MiddlewareException(
maxapi.exceptions.dispatcher.MiddlewareException: MiddlewareException(middleware=function, router_id=0, process=UpdateType.MESSAGE_CALLBACK | chat_id: 29535084, user_id: 95639429, context_keys=['data', 'state'], cause=HandlerException: HandlerException(handler=handle_callback, router_id=0, process=UpdateType.MESSAGE_CALLBACK | chat_id: 29535084, user_id: 95639429, context_keys=['data', 'state'], cause=AttributeError: 'CommandHandlers' object has no attribute 'confirm_reset_settings'))
2025-11-11 17:30:28,099 | dispatcher | ERROR | Ошибка при обработке события: router_id: 0 | UpdateType.MESSAGE_CALLBACK | chat_id: 29535084, user_id: 95639429 | MiddlewareException(middleware=function, router_id=0, process=UpdateType.MESSAGE_CALLBACK | chat_id: 29535084, user_id: 95639429, context_keys=['data', 'state'], cause=HandlerException: HandlerException(handler=handle_callback, router_id=0, process=UpdateType.MESSAGE_CALLBACK | chat_id: 29535084, user_id: 95639429, context_keys=['data', 'state'], cause=AttributeError: 'CommandHandlers' object has no attribute 'confirm_reset_settings')) 
Traceback (most recent call last):
  File "C:\Users\YLVronsky\AppData\Local\Programs\Python\Python311\Lib\site-packages\maxapi\dispatcher.py", line 417, in _process_event
    await handler_chain(event_object, kwargs_filtered)
  File "C:\Users\YLVronsky\AppData\Local\Programs\Python\Python311\Lib\site-packages\maxapi\dispatcher.py", line 296, in call_handler
    await handler.func_event(event_object)
  File "c:\Users\YLVronsky\Downloads\Test_arcitect\Test_arcitect\handlers\callbacks.py", line 36, in handle_callback
    await self.commands.confirm_reset_settings(fake_event)
          ^^^^^^^^^^^^^^^^^^^^^^^^^^^^^^^^^^^^
AttributeError: 'CommandHandlers' object has no attribute 'confirm_reset_settings'

The above exception was the direct cause of the following exception:

Traceback (most recent call last):
  File "C:\Users\YLVronsky\AppData\Local\Programs\Python\Python311\Lib\site-packages\maxapi\dispatcher.py", line 439, in handle
    await global_chain(event_object, kwargs)
  File "C:\Users\YLVronsky\AppData\Local\Programs\Python\Python311\Lib\site-packages\maxapi\dispatcher.py", line 420, in _process_event
    raise HandlerException(
maxapi.exceptions.dispatcher.HandlerException: HandlerException(handler=handle_callback, router_id=0, process=UpdateType.MESSAGE_CALLBACK | chat_id: 29535084, user_id: 95639429, context_keys=['data', 'state'], cause=AttributeError: 'CommandHandlers' object has no attribute 'confirm_reset_settings')

The above exception was the direct cause of the following exception:

Traceback (most recent call last):
  File "C:\Users\YLVronsky\AppData\Local\Programs\Python\Python311\Lib\site-packages\maxapi\dispatcher.py", line 449, in handle
    raise MiddlewareException(
maxapi.exceptions.dispatcher.MiddlewareException: MiddlewareException(middleware=function, router_id=0, process=UpdateType.MESSAGE_CALLBACK | chat_id: 29535084, user_id: 95639429, context_keys=['data', 'state'], cause=HandlerException: HandlerException(handler=handle_callback, router_id=0, process=UpdateType.MESSAGE_CALLBACK | chat_id: 29535084, user_id: 95639429, context_keys=['data', 'state'], cause=AttributeError: 'CommandHandlers' object has no attribute 'confirm_reset_settings'))
2025-11-11 17:30:28,179 | dispatcher | ERROR | Ошибка при обработке события: router_id: 0 | UpdateType.MESSAGE_CALLBACK | chat_id: 29535084, user_id: 95639429 | MiddlewareException(middleware=function, router_id=0, process=UpdateType.MESSAGE_CALLBACK | chat_id: 29535084, user_id: 95639429, context_keys=['data', 'state'], cause=HandlerException: HandlerException(handler=handle_callback, router_id=0, process=UpdateType.MESSAGE_CALLBACK | chat_id: 29535084, user_id: 95639429, context_keys=['data', 'state'], cause=AttributeError: 'CommandHandlers' object has no attribute 'confirm_reset_settings')) 
Traceback (most recent call last):
  File "C:\Users\YLVronsky\AppData\Local\Programs\Python\Python311\Lib\site-packages\maxapi\dispatcher.py", line 417, in _process_event
    await handler_chain(event_object, kwargs_filtered)
  File "C:\Users\YLVronsky\AppData\Local\Programs\Python\Python311\Lib\site-packages\maxapi\dispatcher.py", line 296, in call_handler
    await handler.func_event(event_object)
  File "c:\Users\YLVronsky\Downloads\Test_arcitect\Test_arcitect\handlers\callbacks.py", line 36, in handle_callback
    await self.commands.confirm_reset_settings(fake_event)
          ^^^^^^^^^^^^^^^^^^^^^^^^^^^^^^^^^^^^
AttributeError: 'CommandHandlers' object has no attribute 'confirm_reset_settings'

The above exception was the direct cause of the following exception:

Traceback (most recent call last):
  File "C:\Users\YLVronsky\AppData\Local\Programs\Python\Python311\Lib\site-packages\maxapi\dispatcher.py", line 439, in handle
    await global_chain(event_object, kwargs)
  File "C:\Users\YLVronsky\AppData\Local\Programs\Python\Python311\Lib\site-packages\maxapi\dispatcher.py", line 420, in _process_event
    raise HandlerException(
maxapi.exceptions.dispatcher.HandlerException: HandlerException(handler=handle_callback, router_id=0, process=UpdateType.MESSAGE_CALLBACK | chat_id: 29535084, user_id: 95639429, context_keys=['data', 'state'], cause=AttributeError: 'CommandHandlers' object has no attribute 'confirm_reset_settings')

The above exception was the direct cause of the following exception:

Traceback (most recent call last):
  File "C:\Users\YLVronsky\AppData\Local\Programs\Python\Python311\Lib\site-packages\maxapi\dispatcher.py", line 449, in handle
    raise MiddlewareException(
maxapi.exceptions.dispatcher.MiddlewareException: MiddlewareException(middleware=function, router_id=0, process=UpdateType.MESSAGE_CALLBACK | chat_id: 29535084, user_id: 95639429, context_keys=['data', 'state'], cause=HandlerException: HandlerException(handler=handle_callback, router_id=0, process=UpdateType.MESSAGE_CALLBACK | chat_id: 29535084, user_id: 95639429, context_keys=['data', 'state'], cause=AttributeError: 'CommandHandlers' object has no attribute 'confirm_reset_settings'))
2025-11-11 17:30:28,302 | dispatcher | ERROR | Ошибка при обработке события: router_id: 0 | UpdateType.MESSAGE_CALLBACK | chat_id: 29535084, user_id: 95639429 | MiddlewareException(middleware=function, router_id=0, process=UpdateType.MESSAGE_CALLBACK | chat_id: 29535084, user_id: 95639429, context_keys=['data', 'state'], cause=HandlerException: HandlerException(handler=handle_callback, router_id=0, process=UpdateType.MESSAGE_CALLBACK | chat_id: 29535084, user_id: 95639429, context_keys=['data', 'state'], cause=AttributeError: 'CommandHandlers' object has no attribute 'confirm_reset_settings')) 
Traceback (most recent call last):
  File "C:\Users\YLVronsky\AppData\Local\Programs\Python\Python311\Lib\site-packages\maxapi\dispatcher.py", line 417, in _process_event
    await handler_chain(event_object, kwargs_filtered)
  File "C:\Users\YLVronsky\AppData\Local\Programs\Python\Python311\Lib\site-packages\maxapi\dispatcher.py", line 296, in call_handler
    await handler.func_event(event_object)
  File "c:\Users\YLVronsky\Downloads\Test_arcitect\Test_arcitect\handlers\callbacks.py", line 36, in handle_callback
    await self.commands.confirm_reset_settings(fake_event)
          ^^^^^^^^^^^^^^^^^^^^^^^^^^^^^^^^^^^^
AttributeError: 'CommandHandlers' object has no attribute 'confirm_reset_settings'

The above exception was the direct cause of the following exception:

Traceback (most recent call last):
  File "C:\Users\YLVronsky\AppData\Local\Programs\Python\Python311\Lib\site-packages\maxapi\dispatcher.py", line 439, in handle
    await global_chain(event_object, kwargs)
  File "C:\Users\YLVronsky\AppData\Local\Programs\Python\Python311\Lib\site-packages\maxapi\dispatcher.py", line 420, in _process_event
    raise HandlerException(
maxapi.exceptions.dispatcher.HandlerException: HandlerException(handler=handle_callback, router_id=0, process=UpdateType.MESSAGE_CALLBACK | chat_id: 29535084, user_id: 95639429, context_keys=['data', 'state'], cause=AttributeError: 'CommandHandlers' object has no attribute 'confirm_reset_settings')

The above exception was the direct cause of the following exception:

Traceback (most recent call last):
  File "C:\Users\YLVronsky\AppData\Local\Programs\Python\Python311\Lib\site-packages\maxapi\dispatcher.py", line 449, in handle
    raise MiddlewareException(
maxapi.exceptions.dispatcher.MiddlewareException: MiddlewareException(middleware=function, router_id=0, process=UpdateType.MESSAGE_CALLBACK | chat_id: 29535084, user_id: 95639429, context_keys=['data', 'state'], cause=HandlerException: HandlerException(handler=handle_callback, router_id=0, process=UpdateType.MESSAGE_CALLBACK | chat_id: 29535084, user_id: 95639429, context_keys=['data', 'state'], cause=AttributeError: 'CommandHandlers' object has no attribute 'confirm_reset_settings'))
2025-11-11 17:30:28,488 | dispatcher | ERROR | Ошибка при обработке события: router_id: 0 | UpdateType.MESSAGE_CALLBACK | chat_id: 29535084, user_id: 95639429 | MiddlewareException(middleware=function, router_id=0, process=UpdateType.MESSAGE_CALLBACK | chat_id: 29535084, user_id: 95639429, context_keys=['data', 'state'], cause=HandlerException: HandlerException(handler=handle_callback, router_id=0, process=UpdateType.MESSAGE_CALLBACK | chat_id: 29535084, user_id: 95639429, context_keys=['data', 'state'], cause=AttributeError: 'CommandHandlers' object has no attribute 'confirm_reset_settings')) 
Traceback (most recent call last):
  File "C:\Users\YLVronsky\AppData\Local\Programs\Python\Python311\Lib\site-packages\maxapi\dispatcher.py", line 417, in _process_event
    await handler_chain(event_object, kwargs_filtered)
  File "C:\Users\YLVronsky\AppData\Local\Programs\Python\Python311\Lib\site-packages\maxapi\dispatcher.py", line 296, in call_handler
    await handler.func_event(event_object)
  File "c:\Users\YLVronsky\Downloads\Test_arcitect\Test_arcitect\handlers\callbacks.py", line 36, in handle_callback
    await self.commands.confirm_reset_settings(fake_event)
          ^^^^^^^^^^^^^^^^^^^^^^^^^^^^^^^^^^^^
AttributeError: 'CommandHandlers' object has no attribute 'confirm_reset_settings'

The above exception was the direct cause of the following exception:

Traceback (most recent call last):
  File "C:\Users\YLVronsky\AppData\Local\Programs\Python\Python311\Lib\site-packages\maxapi\dispatcher.py", line 439, in handle
    await global_chain(event_object, kwargs)
  File "C:\Users\YLVronsky\AppData\Local\Programs\Python\Python311\Lib\site-packages\maxapi\dispatcher.py", line 420, in _process_event
    raise HandlerException(
maxapi.exceptions.dispatcher.HandlerException: HandlerException(handler=handle_callback, router_id=0, process=UpdateType.MESSAGE_CALLBACK | chat_id: 29535084, user_id: 95639429, context_keys=['data', 'state'], cause=AttributeError: 'CommandHandlers' object has no attribute 'confirm_reset_settings')

The above exception was the direct cause of the following exception:

Traceback (most recent call last):
  File "C:\Users\YLVronsky\AppData\Local\Programs\Python\Python311\Lib\site-packages\maxapi\dispatcher.py", line 449, in handle
    raise MiddlewareException(
maxapi.exceptions.dispatcher.MiddlewareException: MiddlewareException(middleware=function, router_id=0, process=UpdateType.MESSAGE_CALLBACK | chat_id: 29535084, user_id: 95639429, context_keys=['data', 'state'], cause=HandlerException: HandlerException(handler=handle_callback, router_id=0, process=UpdateType.MESSAGE_CALLBACK | chat_id: 29535084, user_id: 95639429, context_keys=['data', 'state'], cause=AttributeError: 'CommandHandlers' object has no attribute 'confirm_reset_settings'))
2025-11-11 17:30:28,655 | dispatcher | ERROR | Ошибка при обработке события: router_id: 0 | UpdateType.MESSAGE_CALLBACK | chat_id: 29535084, user_id: 95639429 | MiddlewareException(middleware=function, router_id=0, process=UpdateType.MESSAGE_CALLBACK | chat_id: 29535084, user_id: 95639429, context_keys=['data', 'state'], cause=HandlerException: HandlerException(handler=handle_callback, router_id=0, process=UpdateType.MESSAGE_CALLBACK | chat_id: 29535084, user_id: 95639429, context_keys=['data', 'state'], cause=AttributeError: 'CommandHandlers' object has no attribute 'confirm_reset_settings')) 
Traceback (most recent call last):
  File "C:\Users\YLVronsky\AppData\Local\Programs\Python\Python311\Lib\site-packages\maxapi\dispatcher.py", line 417, in _process_event
    await handler_chain(event_object, kwargs_filtered)
  File "C:\Users\YLVronsky\AppData\Local\Programs\Python\Python311\Lib\site-packages\maxapi\dispatcher.py", line 296, in call_handler
    await handler.func_event(event_object)
  File "c:\Users\YLVronsky\Downloads\Test_arcitect\Test_arcitect\handlers\callbacks.py", line 36, in handle_callback
    await self.commands.confirm_reset_settings(fake_event)
          ^^^^^^^^^^^^^^^^^^^^^^^^^^^^^^^^^^^^
AttributeError: 'CommandHandlers' object has no attribute 'confirm_reset_settings'

The above exception was the direct cause of the following exception:

Traceback (most recent call last):
  File "C:\Users\YLVronsky\AppData\Local\Programs\Python\Python311\Lib\site-packages\maxapi\dispatcher.py", line 439, in handle
    await global_chain(event_object, kwargs)
  File "C:\Users\YLVronsky\AppData\Local\Programs\Python\Python311\Lib\site-packages\maxapi\dispatcher.py", line 420, in _process_event
    raise HandlerException(
maxapi.exceptions.dispatcher.HandlerException: HandlerException(handler=handle_callback, router_id=0, process=UpdateType.MESSAGE_CALLBACK | chat_id: 29535084, user_id: 95639429, context_keys=['data', 'state'], cause=AttributeError: 'CommandHandlers' object has no attribute 'confirm_reset_settings')

The above exception was the direct cause of the following exception:

Traceback (most recent call last):
  File "C:\Users\YLVronsky\AppData\Local\Programs\Python\Python311\Lib\site-packages\maxapi\dispatcher.py", line 449, in handle
    raise MiddlewareException(
maxapi.exceptions.dispatcher.MiddlewareException: MiddlewareException(middleware=function, router_id=0, process=UpdateType.MESSAGE_CALLBACK | chat_id: 29535084, user_id: 95639429, context_keys=['data', 'state'], cause=HandlerException: HandlerException(handler=handle_callback, router_id=0, process=UpdateType.MESSAGE_CALLBACK | chat_id: 29535084, user_id: 95639429, context_keys=['data', 'state'], cause=AttributeError: 'CommandHandlers' object has no attribute 'confirm_reset_settings'))
2025-11-11 17:30:28,718 | dispatcher | ERROR | Ошибка при обработке события: router_id: 0 | UpdateType.MESSAGE_CALLBACK | chat_id: 29535084, user_id: 95639429 | MiddlewareException(middleware=function, router_id=0, process=UpdateType.MESSAGE_CALLBACK | chat_id: 29535084, user_id: 95639429, context_keys=['data', 'state'], cause=HandlerException: HandlerException(handler=handle_callback, router_id=0, process=UpdateType.MESSAGE_CALLBACK | chat_id: 29535084, user_id: 95639429, context_keys=['data', 'state'], cause=AttributeError: 'CommandHandlers' object has no attribute 'confirm_reset_settings')) 
Traceback (most recent call last):
  File "C:\Users\YLVronsky\AppData\Local\Programs\Python\Python311\Lib\site-packages\maxapi\dispatcher.py", line 417, in _process_event
    await handler_chain(event_object, kwargs_filtered)
  File "C:\Users\YLVronsky\AppData\Local\Programs\Python\Python311\Lib\site-packages\maxapi\dispatcher.py", line 296, in call_handler
    await handler.func_event(event_object)
  File "c:\Users\YLVronsky\Downloads\Test_arcitect\Test_arcitect\handlers\callbacks.py", line 36, in handle_callback
    await self.commands.confirm_reset_settings(fake_event)
          ^^^^^^^^^^^^^^^^^^^^^^^^^^^^^^^^^^^^
AttributeError: 'CommandHandlers' object has no attribute 'confirm_reset_settings'

The above exception was the direct cause of the following exception:

Traceback (most recent call last):
  File "C:\Users\YLVronsky\AppData\Local\Programs\Python\Python311\Lib\site-packages\maxapi\dispatcher.py", line 439, in handle
    await global_chain(event_object, kwargs)
  File "C:\Users\YLVronsky\AppData\Local\Programs\Python\Python311\Lib\site-packages\maxapi\dispatcher.py", line 420, in _process_event
    raise HandlerException(
maxapi.exceptions.dispatcher.HandlerException: HandlerException(handler=handle_callback, router_id=0, process=UpdateType.MESSAGE_CALLBACK | chat_id: 29535084, user_id: 95639429, context_keys=['data', 'state'], cause=AttributeError: 'CommandHandlers' object has no attribute 'confirm_reset_settings')

The above exception was the direct cause of the following exception:

Traceback (most recent call last):
  File "C:\Users\YLVronsky\AppData\Local\Programs\Python\Python311\Lib\site-packages\maxapi\dispatcher.py", line 449, in handle
    raise MiddlewareException(
maxapi.exceptions.dispatcher.MiddlewareException: MiddlewareException(middleware=function, router_id=0, process=UpdateType.MESSAGE_CALLBACK | chat_id: 29535084, user_id: 95639429, context_keys=['data', 'state'], cause=HandlerException: HandlerException(handler=handle_callback, router_id=0, process=UpdateType.MESSAGE_CALLBACK | chat_id: 29535084, user_id: 95639429, context_keys=['data', 'state'], cause=AttributeError: 'CommandHandlers' object has no attribute 'confirm_reset_settings'))
2025-11-11 17:30:29,052 | dispatcher | ERROR | Ошибка при обработке события: router_id: 0 | UpdateType.MESSAGE_CALLBACK | chat_id: 29535084, user_id: 95639429 | MiddlewareException(middleware=function, router_id=0, process=UpdateType.MESSAGE_CALLBACK | chat_id: 29535084, user_id: 95639429, context_keys=['data', 'state'], cause=HandlerException: HandlerException(handler=handle_callback, router_id=0, process=UpdateType.MESSAGE_CALLBACK | chat_id: 29535084, user_id: 95639429, context_keys=['data', 'state'], cause=AttributeError: 'CommandHandlers' object has no attribute 'confirm_reset_settings')) 
Traceback (most recent call last):
  File "C:\Users\YLVronsky\AppData\Local\Programs\Python\Python311\Lib\site-packages\maxapi\dispatcher.py", line 417, in _process_event
    await handler_chain(event_object, kwargs_filtered)
  File "C:\Users\YLVronsky\AppData\Local\Programs\Python\Python311\Lib\site-packages\maxapi\dispatcher.py", line 296, in call_handler
    await handler.func_event(event_object)
  File "c:\Users\YLVronsky\Downloads\Test_arcitect\Test_arcitect\handlers\callbacks.py", line 36, in handle_callback
    await self.commands.confirm_reset_settings(fake_event)
          ^^^^^^^^^^^^^^^^^^^^^^^^^^^^^^^^^^^^
AttributeError: 'CommandHandlers' object has no attribute 'confirm_reset_settings'

The above exception was the direct cause of the following exception:

Traceback (most recent call last):
  File "C:\Users\YLVronsky\AppData\Local\Programs\Python\Python311\Lib\site-packages\maxapi\dispatcher.py", line 439, in handle
    await global_chain(event_object, kwargs)
  File "C:\Users\YLVronsky\AppData\Local\Programs\Python\Python311\Lib\site-packages\maxapi\dispatcher.py", line 420, in _process_event
    raise HandlerException(
maxapi.exceptions.dispatcher.HandlerException: HandlerException(handler=handle_callback, router_id=0, process=UpdateType.MESSAGE_CALLBACK | chat_id: 29535084, user_id: 95639429, context_keys=['data', 'state'], cause=AttributeError: 'CommandHandlers' object has no attribute 'confirm_reset_settings')

The above exception was the direct cause of the following exception:

Traceback (most recent call last):
  File "C:\Users\YLVronsky\AppData\Local\Programs\Python\Python311\Lib\site-packages\maxapi\dispatcher.py", line 449, in handle
    raise MiddlewareException(
maxapi.exceptions.dispatcher.MiddlewareException: MiddlewareException(middleware=function, router_id=0, process=UpdateType.MESSAGE_CALLBACK | chat_id: 29535084, user_id: 95639429, context_keys=['data', 'state'], cause=HandlerException: HandlerException(handler=handle_callback, router_id=0, process=UpdateType.MESSAGE_CALLBACK | chat_id: 29535084, user_id: 95639429, context_keys=['data', 'state'], cause=AttributeError: 'CommandHandlers' object has no attribute 'confirm_reset_settings'))
2025-11-11 17:30:29,111 | dispatcher | ERROR | Ошибка при обработке события: router_id: 0 | UpdateType.MESSAGE_CALLBACK | chat_id: 29535084, user_id: 95639429 | MiddlewareException(middleware=function, router_id=0, process=UpdateType.MESSAGE_CALLBACK | chat_id: 29535084, user_id: 95639429, context_keys=['data', 'state'], cause=HandlerException: HandlerException(handler=handle_callback, router_id=0, process=UpdateType.MESSAGE_CALLBACK | chat_id: 29535084, user_id: 95639429, context_keys=['data', 'state'], cause=AttributeError: 'CommandHandlers' object has no attribute 'confirm_reset_settings')) 
Traceback (most recent call last):
  File "C:\Users\YLVronsky\AppData\Local\Programs\Python\Python311\Lib\site-packages\maxapi\dispatcher.py", line 417, in _process_event
    await handler_chain(event_object, kwargs_filtered)
  File "C:\Users\YLVronsky\AppData\Local\Programs\Python\Python311\Lib\site-packages\maxapi\dispatcher.py", line 296, in call_handler
    await handler.func_event(event_object)
  File "c:\Users\YLVronsky\Downloads\Test_arcitect\Test_arcitect\handlers\callbacks.py", line 36, in handle_callback
    await self.commands.confirm_reset_settings(fake_event)
          ^^^^^^^^^^^^^^^^^^^^^^^^^^^^^^^^^^^^
AttributeError: 'CommandHandlers' object has no attribute 'confirm_reset_settings'

The above exception was the direct cause of the following exception:

Traceback (most recent call last):
  File "C:\Users\YLVronsky\AppData\Local\Programs\Python\Python311\Lib\site-packages\maxapi\dispatcher.py", line 439, in handle
    await global_chain(event_object, kwargs)
  File "C:\Users\YLVronsky\AppData\Local\Programs\Python\Python311\Lib\site-packages\maxapi\dispatcher.py", line 420, in _process_event
    raise HandlerException(
maxapi.exceptions.dispatcher.HandlerException: HandlerException(handler=handle_callback, router_id=0, process=UpdateType.MESSAGE_CALLBACK | chat_id: 29535084, user_id: 95639429, context_keys=['data', 'state'], cause=AttributeError: 'CommandHandlers' object has no attribute 'confirm_reset_settings')

The above exception was the direct cause of the following exception:

Traceback (most recent call last):
  File "C:\Users\YLVronsky\AppData\Local\Programs\Python\Python311\Lib\site-packages\maxapi\dispatcher.py", line 449, in handle
    raise MiddlewareException(
maxapi.exceptions.dispatcher.MiddlewareException: MiddlewareException(middleware=function, router_id=0, process=UpdateType.MESSAGE_CALLBACK | chat_id: 29535084, user_id: 95639429, context_keys=['data', 'state'], cause=HandlerException: HandlerException(handler=handle_callback, router_id=0, process=UpdateType.MESSAGE_CALLBACK | chat_id: 29535084, user_id: 95639429, context_keys=['data', 'state'], cause=AttributeError: 'CommandHandlers' object has no attribute 'confirm_reset_settings'))
2025-11-11 17:30:29,825 | dispatcher | ERROR | Ошибка при обработке события: router_id: 0 | UpdateType.MESSAGE_CALLBACK | chat_id: 29535084, user_id: 95639429 | MiddlewareException(middleware=function, router_id=0, process=UpdateType.MESSAGE_CALLBACK | chat_id: 29535084, user_id: 95639429, context_keys=['data', 'state'], cause=HandlerException: HandlerException(handler=handle_callback, router_id=0, process=UpdateType.MESSAGE_CALLBACK | chat_id: 29535084, user_id: 95639429, context_keys=['data', 'state'], cause=AttributeError: 'CommandHandlers' object has no attribute 'confirm_reset_settings')) 
Traceback (most recent call last):
  File "C:\Users\YLVronsky\AppData\Local\Programs\Python\Python311\Lib\site-packages\maxapi\dispatcher.py", line 417, in _process_event
    await handler_chain(event_object, kwargs_filtered)
  File "C:\Users\YLVronsky\AppData\Local\Programs\Python\Python311\Lib\site-packages\maxapi\dispatcher.py", line 296, in call_handler
    await handler.func_event(event_object)
  File "c:\Users\YLVronsky\Downloads\Test_arcitect\Test_arcitect\handlers\callbacks.py", line 36, in handle_callback
    await self.commands.confirm_reset_settings(fake_event)
          ^^^^^^^^^^^^^^^^^^^^^^^^^^^^^^^^^^^^
AttributeError: 'CommandHandlers' object has no attribute 'confirm_reset_settings'

The above exception was the direct cause of the following exception:

Traceback (most recent call last):
  File "C:\Users\YLVronsky\AppData\Local\Programs\Python\Python311\Lib\site-packages\maxapi\dispatcher.py", line 439, in handle
    await global_chain(event_object, kwargs)
  File "C:\Users\YLVronsky\AppData\Local\Programs\Python\Python311\Lib\site-packages\maxapi\dispatcher.py", line 420, in _process_event
    raise HandlerException(
maxapi.exceptions.dispatcher.HandlerException: HandlerException(handler=handle_callback, router_id=0, process=UpdateType.MESSAGE_CALLBACK | chat_id: 29535084, user_id: 95639429, context_keys=['data', 'state'], cause=AttributeError: 'CommandHandlers' object has no attribute 'confirm_reset_settings')

The above exception was the direct cause of the following exception:

Traceback (most recent call last):
  File "C:\Users\YLVronsky\AppData\Local\Programs\Python\Python311\Lib\site-packages\maxapi\dispatcher.py", line 449, in handle
    raise MiddlewareException(
maxapi.exceptions.dispatcher.MiddlewareException: MiddlewareException(middleware=function, router_id=0, process=UpdateType.MESSAGE_CALLBACK | chat_id: 29535084, user_id: 95639429, context_keys=['data', 'state'], cause=HandlerException: HandlerException(handler=handle_callback, router_id=0, process=UpdateType.MESSAGE_CALLBACK | chat_id: 29535084, user_id: 95639429, context_keys=['data', 'state'], cause=AttributeError: 'CommandHandlers' object has no attribute 'confirm_reset_settings'))
2025-11-11 17:30:29,908 | dispatcher | ERROR | Ошибка при обработке события: router_id: 0 | UpdateType.MESSAGE_CALLBACK | chat_id: 29535084, user_id: 95639429 | MiddlewareException(middleware=function, router_id=0, process=UpdateType.MESSAGE_CALLBACK | chat_id: 29535084, user_id: 95639429, context_keys=['data', 'state'], cause=HandlerException: HandlerException(handler=handle_callback, router_id=0, process=UpdateType.MESSAGE_CALLBACK | chat_id: 29535084, user_id: 95639429, context_keys=['data', 'state'], cause=AttributeError: 'CommandHandlers' object has no attribute 'confirm_reset_settings')) 
Traceback (most recent call last):
  File "C:\Users\YLVronsky\AppData\Local\Programs\Python\Python311\Lib\site-packages\maxapi\dispatcher.py", line 417, in _process_event
    await handler_chain(event_object, kwargs_filtered)
  File "C:\Users\YLVronsky\AppData\Local\Programs\Python\Python311\Lib\site-packages\maxapi\dispatcher.py", line 296, in call_handler
    await handler.func_event(event_object)
  File "c:\Users\YLVronsky\Downloads\Test_arcitect\Test_arcitect\handlers\callbacks.py", line 36, in handle_callback
    await self.commands.confirm_reset_settings(fake_event)
          ^^^^^^^^^^^^^^^^^^^^^^^^^^^^^^^^^^^^
AttributeError: 'CommandHandlers' object has no attribute 'confirm_reset_settings'

The above exception was the direct cause of the following exception:

Traceback (most recent call last):
  File "C:\Users\YLVronsky\AppData\Local\Programs\Python\Python311\Lib\site-packages\maxapi\dispatcher.py", line 439, in handle
    await global_chain(event_object, kwargs)
  File "C:\Users\YLVronsky\AppData\Local\Programs\Python\Python311\Lib\site-packages\maxapi\dispatcher.py", line 420, in _process_event
    raise HandlerException(
maxapi.exceptions.dispatcher.HandlerException: HandlerException(handler=handle_callback, router_id=0, process=UpdateType.MESSAGE_CALLBACK | chat_id: 29535084, user_id: 95639429, context_keys=['data', 'state'], cause=AttributeError: 'CommandHandlers' object has no attribute 'confirm_reset_settings')

The above exception was the direct cause of the following exception:

Traceback (most recent call last):
  File "C:\Users\YLVronsky\AppData\Local\Programs\Python\Python311\Lib\site-packages\maxapi\dispatcher.py", line 449, in handle
    raise MiddlewareException(
maxapi.exceptions.dispatcher.MiddlewareException: MiddlewareException(middleware=function, router_id=0, process=UpdateType.MESSAGE_CALLBACK | chat_id: 29535084, user_id: 95639429, context_keys=['data', 'state'], cause=HandlerException: HandlerException(handler=handle_callback, router_id=0, process=UpdateType.MESSAGE_CALLBACK | chat_id: 29535084, user_id: 95639429, context_keys=['data', 'state'], cause=AttributeError: 'CommandHandlers' object has no attribute 'confirm_reset_settings'))
2025-11-11 17:30:31,030 | dispatcher | ERROR | Ошибка при обработке события: router_id: 0 | UpdateType.MESSAGE_CALLBACK | chat_id: 29535084, user_id: 95639429 | MiddlewareException(middleware=function, router_id=0, process=UpdateType.MESSAGE_CALLBACK | chat_id: 29535084, user_id: 95639429, context_keys=['data', 'state'], cause=HandlerException: HandlerException(handler=handle_callback, router_id=0, process=UpdateType.MESSAGE_CALLBACK | chat_id: 29535084, user_id: 95639429, context_keys=['data', 'state'], cause=AttributeError: 'CommandHandlers' object has no attribute 'cancel_reset_settings')) 
Traceback (most recent call last):
  File "C:\Users\YLVronsky\AppData\Local\Programs\Python\Python311\Lib\site-packages\maxapi\dispatcher.py", line 417, in _process_event
    await handler_chain(event_object, kwargs_filtered)
  File "C:\Users\YLVronsky\AppData\Local\Programs\Python\Python311\Lib\site-packages\maxapi\dispatcher.py", line 296, in call_handler
    await handler.func_event(event_object)
  File "c:\Users\YLVronsky\Downloads\Test_arcitect\Test_arcitect\handlers\callbacks.py", line 38, in handle_callback
    await self.commands.cancel_reset_settings(fake_event)
          ^^^^^^^^^^^^^^^^^^^^^^^^^^^^^^^^^^^
AttributeError: 'CommandHandlers' object has no attribute 'cancel_reset_settings'

The above exception was the direct cause of the following exception:

Traceback (most recent call last):
  File "C:\Users\YLVronsky\AppData\Local\Programs\Python\Python311\Lib\site-packages\maxapi\dispatcher.py", line 439, in handle
    await global_chain(event_object, kwargs)
  File "C:\Users\YLVronsky\AppData\Local\Programs\Python\Python311\Lib\site-packages\maxapi\dispatcher.py", line 420, in _process_event
    raise HandlerException(
maxapi.exceptions.dispatcher.HandlerException: HandlerException(handler=handle_callback, router_id=0, process=UpdateType.MESSAGE_CALLBACK | chat_id: 29535084, user_id: 95639429, context_keys=['data', 'state'], cause=AttributeError: 'CommandHandlers' object has no attribute 'cancel_reset_settings')

The above exception was the direct cause of the following exception:

Traceback (most recent call last):
  File "C:\Users\YLVronsky\AppData\Local\Programs\Python\Python311\Lib\site-packages\maxapi\dispatcher.py", line 449, in handle
    raise MiddlewareException(
maxapi.exceptions.dispatcher.MiddlewareException: MiddlewareException(middleware=function, router_id=0, process=UpdateType.MESSAGE_CALLBACK | chat_id: 29535084, user_id: 95639429, context_keys=['data', 'state'], cause=HandlerException: HandlerException(handler=handle_callback, router_id=0, process=UpdateType.MESSAGE_CALLBACK | chat_id: 29535084, user_id: 95639429, context_keys=['data', 'state'], cause=AttributeError: 'CommandHandlers' object has no attribute 'cancel_reset_settings'))
2025-11-11 17:30:34,169 | dispatcher | ERROR | Ошибка при обработке события: router_id: 0 | UpdateType.MESSAGE_CALLBACK | chat_id: 29535084, user_id: 95639429 | MiddlewareException(middleware=function, router_id=0, process=UpdateType.MESSAGE_CALLBACK | chat_id: 29535084, user_id: 95639429, context_keys=['data', 'state'], cause=HandlerException: HandlerException(handler=handle_callback, router_id=0, process=UpdateType.MESSAGE_CALLBACK | chat_id: 29535084, user_id: 95639429, context_keys=['data', 'state'], cause=AttributeError: 'CommandHandlers' object has no attribute 'cancel_reset_settings')) 
Traceback (most recent call last):
  File "C:\Users\YLVronsky\AppData\Local\Programs\Python\Python311\Lib\site-packages\maxapi\dispatcher.py", line 417, in _process_event
    await handler_chain(event_object, kwargs_filtered)
  File "C:\Users\YLVronsky\AppData\Local\Programs\Python\Python311\Lib\site-packages\maxapi\dispatcher.py", line 296, in call_handler
    await handler.func_event(event_object)
  File "c:\Users\YLVronsky\Downloads\Test_arcitect\Test_arcitect\handlers\callbacks.py", line 38, in handle_callback
    await self.commands.cancel_reset_settings(fake_event)
          ^^^^^^^^^^^^^^^^^^^^^^^^^^^^^^^^^^^
AttributeError: 'CommandHandlers' object has no attribute 'cancel_reset_settings'

The above exception was the direct cause of the following exception:

Traceback (most recent call last):
  File "C:\Users\YLVronsky\AppData\Local\Programs\Python\Python311\Lib\site-packages\maxapi\dispatcher.py", line 439, in handle
    await global_chain(event_object, kwargs)
  File "C:\Users\YLVronsky\AppData\Local\Programs\Python\Python311\Lib\site-packages\maxapi\dispatcher.py", line 420, in _process_event
    raise HandlerException(
maxapi.exceptions.dispatcher.HandlerException: HandlerException(handler=handle_callback, router_id=0, process=UpdateType.MESSAGE_CALLBACK | chat_id: 29535084, user_id: 95639429, context_keys=['data', 'state'], cause=AttributeError: 'CommandHandlers' object has no attribute 'cancel_reset_settings')

The above exception was the direct cause of the following exception:

Traceback (most recent call last):
  File "C:\Users\YLVronsky\AppData\Local\Programs\Python\Python311\Lib\site-packages\maxapi\dispatcher.py", line 449, in handle
    raise MiddlewareException(
maxapi.exceptions.dispatcher.MiddlewareException: MiddlewareException(middleware=function, router_id=0, process=UpdateType.MESSAGE_CALLBACK | chat_id: 29535084, user_id: 95639429, context_keys=['data', 'state'], cause=HandlerException: HandlerException(handler=handle_callback, router_id=0, process=UpdateType.MESSAGE_CALLBACK | chat_id: 29535084, user_id: 95639429, context_keys=['data', 'state'], cause=AttributeError: 'CommandHandlers' object has no attribute 'cancel_reset_settings'))
2025-11-11 17:30:35,266 | dispatcher | ERROR | Ошибка при обработке события: router_id: 0 | UpdateType.MESSAGE_CALLBACK | chat_id: 29535084, user_id: 95639429 | MiddlewareException(middleware=function, router_id=0, process=UpdateType.MESSAGE_CALLBACK | chat_id: 29535084, user_id: 95639429, context_keys=['data', 'state'], cause=HandlerException: HandlerException(handler=handle_callback, router_id=0, process=UpdateType.MESSAGE_CALLBACK | chat_id: 29535084, user_id: 95639429, context_keys=['data', 'state'], cause=AttributeError: 'CommandHandlers' object has no attribute 'confirm_reset_settings')) 
Traceback (most recent call last):
  File "C:\Users\YLVronsky\AppData\Local\Programs\Python\Python311\Lib\site-packages\maxapi\dispatcher.py", line 417, in _process_event
    await handler_chain(event_object, kwargs_filtered)
  File "C:\Users\YLVronsky\AppData\Local\Programs\Python\Python311\Lib\site-packages\maxapi\dispatcher.py", line 296, in call_handler
    await handler.func_event(event_object)
  File "c:\Users\YLVronsky\Downloads\Test_arcitect\Test_arcitect\handlers\callbacks.py", line 36, in handle_callback
    await self.commands.confirm_reset_settings(fake_event)
          ^^^^^^^^^^^^^^^^^^^^^^^^^^^^^^^^^^^^
AttributeError: 'CommandHandlers' object has no attribute 'confirm_reset_settings'

The above exception was the direct cause of the following exception:

Traceback (most recent call last):
  File "C:\Users\YLVronsky\AppData\Local\Programs\Python\Python311\Lib\site-packages\maxapi\dispatcher.py", line 439, in handle
    await global_chain(event_object, kwargs)
  File "C:\Users\YLVronsky\AppData\Local\Programs\Python\Python311\Lib\site-packages\maxapi\dispatcher.py", line 420, in _process_event
    raise HandlerException(
maxapi.exceptions.dispatcher.HandlerException: HandlerException(handler=handle_callback, router_id=0, process=UpdateType.MESSAGE_CALLBACK | chat_id: 29535084, user_id: 95639429, context_keys=['data', 'state'], cause=AttributeError: 'CommandHandlers' object has no attribute 'confirm_reset_settings')

The above exception was the direct cause of the following exception:

Traceback (most recent call last):
  File "C:\Users\YLVronsky\AppData\Local\Programs\Python\Python311\Lib\site-packages\maxapi\dispatcher.py", line 449, in handle
    raise MiddlewareException(
maxapi.exceptions.dispatcher.MiddlewareException: MiddlewareException(middleware=function, router_id=0, process=UpdateType.MESSAGE_CALLBACK | chat_id: 29535084, user_id: 95639429, context_keys=['data', 'state'], cause=HandlerException: HandlerException(handler=handle_callback, router_id=0, process=UpdateType.MESSAGE_CALLBACK | chat_id: 29535084, user_id: 95639429, context_keys=['data', 'state'], cause=AttributeError: 'CommandHandlers' object has no attribute 'confirm_reset_settings'))
2025-11-11 17:30:35,643 | dispatcher | ERROR | Ошибка при обработке события: router_id: 0 | UpdateType.MESSAGE_CALLBACK | chat_id: 29535084, user_id: 95639429 | MiddlewareException(middleware=function, router_id=0, process=UpdateType.MESSAGE_CALLBACK | chat_id: 29535084, user_id: 95639429, context_keys=['data', 'state'], cause=HandlerException: HandlerException(handler=handle_callback, router_id=0, process=UpdateType.MESSAGE_CALLBACK | chat_id: 29535084, user_id: 95639429, context_keys=['data', 'state'], cause=AttributeError: 'CommandHandlers' object has no attribute 'cancel_reset_settings')) 
Traceback (most recent call last):
  File "C:\Users\YLVronsky\AppData\Local\Programs\Python\Python311\Lib\site-packages\maxapi\dispatcher.py", line 417, in _process_event
    await handler_chain(event_object, kwargs_filtered)
  File "C:\Users\YLVronsky\AppData\Local\Programs\Python\Python311\Lib\site-packages\maxapi\dispatcher.py", line 296, in call_handler
    await handler.func_event(event_object)
  File "c:\Users\YLVronsky\Downloads\Test_arcitect\Test_arcitect\handlers\callbacks.py", line 38, in handle_callback
    await self.commands.cancel_reset_settings(fake_event)
          ^^^^^^^^^^^^^^^^^^^^^^^^^^^^^^^^^^^
AttributeError: 'CommandHandlers' object has no attribute 'cancel_reset_settings'

The above exception was the direct cause of the following exception:

Traceback (most recent call last):
  File "C:\Users\YLVronsky\AppData\Local\Programs\Python\Python311\Lib\site-packages\maxapi\dispatcher.py", line 439, in handle
    await global_chain(event_object, kwargs)
  File "C:\Users\YLVronsky\AppData\Local\Programs\Python\Python311\Lib\site-packages\maxapi\dispatcher.py", line 420, in _process_event
    raise HandlerException(
maxapi.exceptions.dispatcher.HandlerException: HandlerException(handler=handle_callback, router_id=0, process=UpdateType.MESSAGE_CALLBACK | chat_id: 29535084, user_id: 95639429, context_keys=['data', 'state'], cause=AttributeError: 'CommandHandlers' object has no attribute 'cancel_reset_settings')

The above exception was the direct cause of the following exception:

Traceback (most recent call last):
  File "C:\Users\YLVronsky\AppData\Local\Programs\Python\Python311\Lib\site-packages\maxapi\dispatcher.py", line 449, in handle
    raise MiddlewareException(
maxapi.exceptions.dispatcher.MiddlewareException: MiddlewareException(middleware=function, router_id=0, process=UpdateType.MESSAGE_CALLBACK | chat_id: 29535084, user_id: 95639429, context_keys=['data', 'state'], cause=HandlerException: HandlerException(handler=handle_callback, router_id=0, process=UpdateType.MESSAGE_CALLBACK | chat_id: 29535084, user_id: 95639429, context_keys=['data', 'state'], cause=AttributeError: 'CommandHandlers' object has no attribute 'cancel_reset_settings'))
2025-11-11 17:30:35,711 | dispatcher | ERROR | Ошибка при обработке события: router_id: 0 | UpdateType.MESSAGE_CALLBACK | chat_id: 29535084, user_id: 95639429 | MiddlewareException(middleware=function, router_id=0, process=UpdateType.MESSAGE_CALLBACK | chat_id: 29535084, user_id: 95639429, context_keys=['data', 'state'], cause=HandlerException: HandlerException(handler=handle_callback, router_id=0, process=UpdateType.MESSAGE_CALLBACK | chat_id: 29535084, user_id: 95639429, context_keys=['data', 'state'], cause=AttributeError: 'CommandHandlers' object has no attribute 'cancel_reset_settings')) 
Traceback (most recent call last):
  File "C:\Users\YLVronsky\AppData\Local\Programs\Python\Python311\Lib\site-packages\maxapi\dispatcher.py", line 417, in _process_event
    await handler_chain(event_object, kwargs_filtered)
  File "C:\Users\YLVronsky\AppData\Local\Programs\Python\Python311\Lib\site-packages\maxapi\dispatcher.py", line 296, in call_handler
    await handler.func_event(event_object)
  File "c:\Users\YLVronsky\Downloads\Test_arcitect\Test_arcitect\handlers\callbacks.py", line 38, in handle_callback
    await self.commands.cancel_reset_settings(fake_event)
          ^^^^^^^^^^^^^^^^^^^^^^^^^^^^^^^^^^^
AttributeError: 'CommandHandlers' object has no attribute 'cancel_reset_settings'

The above exception was the direct cause of the following exception:

Traceback (most recent call last):
  File "C:\Users\YLVronsky\AppData\Local\Programs\Python\Python311\Lib\site-packages\maxapi\dispatcher.py", line 439, in handle
    await global_chain(event_object, kwargs)
  File "C:\Users\YLVronsky\AppData\Local\Programs\Python\Python311\Lib\site-packages\maxapi\dispatcher.py", line 420, in _process_event
    raise HandlerException(
maxapi.exceptions.dispatcher.HandlerException: HandlerException(handler=handle_callback, router_id=0, process=UpdateType.MESSAGE_CALLBACK | chat_id: 29535084, user_id: 95639429, context_keys=['data', 'state'], cause=AttributeError: 'CommandHandlers' object has no attribute 'cancel_reset_settings')

The above exception was the direct cause of the following exception:

Traceback (most recent call last):
  File "C:\Users\YLVronsky\AppData\Local\Programs\Python\Python311\Lib\site-packages\maxapi\dispatcher.py", line 449, in handle
    raise MiddlewareException(
maxapi.exceptions.dispatcher.MiddlewareException: MiddlewareException(middleware=function, router_id=0, process=UpdateType.MESSAGE_CALLBACK | chat_id: 29535084, user_id: 95639429, context_keys=['data', 'state'], cause=HandlerException: HandlerException(handler=handle_callback, router_id=0, process=UpdateType.MESSAGE_CALLBACK | chat_id: 29535084, user_id: 95639429, context_keys=['data', 'state'], cause=AttributeError: 'CommandHandlers' object has no attribute 'cancel_reset_settings'))
2025-11-11 17:30:36,008 | dispatcher | ERROR | Ошибка при обработке события: router_id: 0 | UpdateType.MESSAGE_CALLBACK | chat_id: 29535084, user_id: 95639429 | MiddlewareException(middleware=function, router_id=0, process=UpdateType.MESSAGE_CALLBACK | chat_id: 29535084, user_id: 95639429, context_keys=['data', 'state'], cause=HandlerException: HandlerException(handler=handle_callback, router_id=0, process=UpdateType.MESSAGE_CALLBACK | chat_id: 29535084, user_id: 95639429, context_keys=['data', 'state'], cause=AttributeError: 'CommandHandlers' object has no attribute 'confirm_reset_settings')) 
Traceback (most recent call last):
  File "C:\Users\YLVronsky\AppData\Local\Programs\Python\Python311\Lib\site-packages\maxapi\dispatcher.py", line 417, in _process_event
    await handler_chain(event_object, kwargs_filtered)
  File "C:\Users\YLVronsky\AppData\Local\Programs\Python\Python311\Lib\site-packages\maxapi\dispatcher.py", line 296, in call_handler
    await handler.func_event(event_object)
  File "c:\Users\YLVronsky\Downloads\Test_arcitect\Test_arcitect\handlers\callbacks.py", line 36, in handle_callback
    await self.commands.confirm_reset_settings(fake_event)
          ^^^^^^^^^^^^^^^^^^^^^^^^^^^^^^^^^^^^
AttributeError: 'CommandHandlers' object has no attribute 'confirm_reset_settings'

The above exception was the direct cause of the following exception:

Traceback (most recent call last):
  File "C:\Users\YLVronsky\AppData\Local\Programs\Python\Python311\Lib\site-packages\maxapi\dispatcher.py", line 439, in handle
    await global_chain(event_object, kwargs)
  File "C:\Users\YLVronsky\AppData\Local\Programs\Python\Python311\Lib\site-packages\maxapi\dispatcher.py", line 420, in _process_event
    raise HandlerException(
maxapi.exceptions.dispatcher.HandlerException: HandlerException(handler=handle_callback, router_id=0, process=UpdateType.MESSAGE_CALLBACK | chat_id: 29535084, user_id: 95639429, context_keys=['data', 'state'], cause=AttributeError: 'CommandHandlers' object has no attribute 'confirm_reset_settings')

The above exception was the direct cause of the following exception:

Traceback (most recent call last):
  File "C:\Users\YLVronsky\AppData\Local\Programs\Python\Python311\Lib\site-packages\maxapi\dispatcher.py", line 449, in handle
    raise MiddlewareException(
maxapi.exceptions.dispatcher.MiddlewareException: MiddlewareException(middleware=function, router_id=0, process=UpdateType.MESSAGE_CALLBACK | chat_id: 29535084, user_id: 95639429, context_keys=['data', 'state'], cause=HandlerException: HandlerException(handler=handle_callback, router_id=0, process=UpdateType.MESSAGE_CALLBACK | chat_id: 29535084, user_id: 95639429, context_keys=['data', 'state'], cause=AttributeError: 'CommandHandlers' object has no attribute 'confirm_reset_settings'))
2025-11-11 17:30:36,350 | dispatcher | ERROR | Ошибка при обработке события: router_id: 0 | UpdateType.MESSAGE_CALLBACK | chat_id: 29535084, user_id: 95639429 | MiddlewareException(middleware=function, router_id=0, process=UpdateType.MESSAGE_CALLBACK | chat_id: 29535084, user_id: 95639429, context_keys=['data', 'state'], cause=HandlerException: HandlerException(handler=handle_callback, router_id=0, process=UpdateType.MESSAGE_CALLBACK | chat_id: 29535084, user_id: 95639429, context_keys=['data', 'state'], cause=AttributeError: 'CommandHandlers' object has no attribute 'cancel_reset_settings')) 
Traceback (most recent call last):
  File "C:\Users\YLVronsky\AppData\Local\Programs\Python\Python311\Lib\site-packages\maxapi\dispatcher.py", line 417, in _process_event
    await handler_chain(event_object, kwargs_filtered)
  File "C:\Users\YLVronsky\AppData\Local\Programs\Python\Python311\Lib\site-packages\maxapi\dispatcher.py", line 296, in call_handler
    await handler.func_event(event_object)
  File "c:\Users\YLVronsky\Downloads\Test_arcitect\Test_arcitect\handlers\callbacks.py", line 38, in handle_callback
    await self.commands.cancel_reset_settings(fake_event)
          ^^^^^^^^^^^^^^^^^^^^^^^^^^^^^^^^^^^
AttributeError: 'CommandHandlers' object has no attribute 'cancel_reset_settings'

The above exception was the direct cause of the following exception:

Traceback (most recent call last):
  File "C:\Users\YLVronsky\AppData\Local\Programs\Python\Python311\Lib\site-packages\maxapi\dispatcher.py", line 439, in handle
    await global_chain(event_object, kwargs)
  File "C:\Users\YLVronsky\AppData\Local\Programs\Python\Python311\Lib\site-packages\maxapi\dispatcher.py", line 420, in _process_event
    raise HandlerException(
maxapi.exceptions.dispatcher.HandlerException: HandlerException(handler=handle_callback, router_id=0, process=UpdateType.MESSAGE_CALLBACK | chat_id: 29535084, user_id: 95639429, context_keys=['data', 'state'], cause=AttributeError: 'CommandHandlers' object has no attribute 'cancel_reset_settings')

The above exception was the direct cause of the following exception:

Traceback (most recent call last):
  File "C:\Users\YLVronsky\AppData\Local\Programs\Python\Python311\Lib\site-packages\maxapi\dispatcher.py", line 449, in handle
    raise MiddlewareException(
maxapi.exceptions.dispatcher.MiddlewareException: MiddlewareException(middleware=function, router_id=0, process=UpdateType.MESSAGE_CALLBACK | chat_id: 29535084, user_id: 95639429, context_keys=['data', 'state'], cause=HandlerException: HandlerException(handler=handle_callback, router_id=0, process=UpdateType.MESSAGE_CALLBACK | chat_id: 29535084, user_id: 95639429, context_keys=['data', 'state'], cause=AttributeError: 'CommandHandlers' object has no attribute 'cancel_reset_settings'))
2025-11-11 17:30:36,680 | dispatcher | ERROR | Ошибка при обработке события: router_id: 0 | UpdateType.MESSAGE_CALLBACK | chat_id: 29535084, user_id: 95639429 | MiddlewareException(middleware=function, router_id=0, process=UpdateType.MESSAGE_CALLBACK | chat_id: 29535084, user_id: 95639429, context_keys=['data', 'state'], cause=HandlerException: HandlerException(handler=handle_callback, router_id=0, process=UpdateType.MESSAGE_CALLBACK | chat_id: 29535084, user_id: 95639429, context_keys=['data', 'state'], cause=AttributeError: 'CommandHandlers' object has no attribute 'confirm_reset_settings')) 
Traceback (most recent call last):
  File "C:\Users\YLVronsky\AppData\Local\Programs\Python\Python311\Lib\site-packages\maxapi\dispatcher.py", line 417, in _process_event
    await handler_chain(event_object, kwargs_filtered)
  File "C:\Users\YLVronsky\AppData\Local\Programs\Python\Python311\Lib\site-packages\maxapi\dispatcher.py", line 296, in call_handler
    await handler.func_event(event_object)
  File "c:\Users\YLVronsky\Downloads\Test_arcitect\Test_arcitect\handlers\callbacks.py", line 36, in handle_callback
    await self.commands.confirm_reset_settings(fake_event)
          ^^^^^^^^^^^^^^^^^^^^^^^^^^^^^^^^^^^^
AttributeError: 'CommandHandlers' object has no attribute 'confirm_reset_settings'

The above exception was the direct cause of the following exception:

Traceback (most recent call last):
  File "C:\Users\YLVronsky\AppData\Local\Programs\Python\Python311\Lib\site-packages\maxapi\dispatcher.py", line 439, in handle
    await global_chain(event_object, kwargs)
  File "C:\Users\YLVronsky\AppData\Local\Programs\Python\Python311\Lib\site-packages\maxapi\dispatcher.py", line 420, in _process_event
    raise HandlerException(
maxapi.exceptions.dispatcher.HandlerException: HandlerException(handler=handle_callback, router_id=0, process=UpdateType.MESSAGE_CALLBACK | chat_id: 29535084, user_id: 95639429, context_keys=['data', 'state'], cause=AttributeError: 'CommandHandlers' object has no attribute 'confirm_reset_settings')

The above exception was the direct cause of the following exception:

Traceback (most recent call last):
  File "C:\Users\YLVronsky\AppData\Local\Programs\Python\Python311\Lib\site-packages\maxapi\dispatcher.py", line 449, in handle
    raise MiddlewareException(
maxapi.exceptions.dispatcher.MiddlewareException: MiddlewareException(middleware=function, router_id=0, process=UpdateType.MESSAGE_CALLBACK | chat_id: 29535084, user_id: 95639429, context_keys=['data', 'state'], cause=HandlerException: HandlerException(handler=handle_callback, router_id=0, process=UpdateType.MESSAGE_CALLBACK | chat_id: 29535084, user_id: 95639429, context_keys=['data', 'state'], cause=AttributeError: 'CommandHandlers' object has no attribute 'confirm_reset_settings'))
2025-11-11 17:30:36,922 | dispatcher | INFO | Обработано: router_id: 0 | UpdateType.MESSAGE_CREATED | chat_id: 29535084, user_id: 95639429
2025-11-11 17:30:46,406 | dispatcher | INFO | Обработано: router_id: 0 | UpdateType.MESSAGE_CREATED | chat_id: 29535084, user_id: 95639429
2025-11-11 17:30:54,510 | core.logger | INFO | Остановка бота...
2025-11-11 17:30:54,510 | core.logger | INFO | Викторины остановлены. Бот завершил работу.
2025-11-11 17:30:54,510 | core.logger | INFO | Бот остановлен пользователем
2025-11-11 17:30:54,521 | asyncio | ERROR | Unclosed client session
client_session: <aiohttp.client.ClientSession object at 0x0000000004E70690>
